[2026-06-18 09:07:14:714] [ERROR]: GET /test-error - Status: 400 - Message: Validation failed
[2026-06-18 09:07:14:714] [ERROR]: Error: Validation failed
    at D:\DevCollab\collabx-backend\dist\app.js:21:11
    at D:\DevCollab\collabx-backend\dist\utils\asyncHandler.js:6:25
    at Layer.handleRequest (D:\DevCollab\collabx-backend\node_modules\router\lib\layer.js:152:17)
    at next (D:\DevCollab\collabx-backend\node_modules\router\lib\route.js:157:13)
    at Route.dispatch (D:\DevCollab\collabx-backend\node_modules\router\lib\route.js:117:3)
    at handle (D:\DevCollab\collabx-backend\node_modules\router\index.js:435:11)
    at Layer.handleRequest (D:\DevCollab\collabx-backend\node_modules\router\lib\layer.js:152:17)
    at D:\DevCollab\collabx-backend\node_modules\router\index.js:295:15
    at processParams (D:\DevCollab\collabx-backend\node_modules\router\index.js:582:12)
    at next (D:\DevCollab\collabx-backend\node_modules\router\index.js:291:5)
[2026-06-18 09:07:14:714] [ERROR]: GET /test-unhandled - Status: 500 - Message: Something unexpected occurred!
[2026-06-18 09:07:14:714] [ERROR]: Error: Something unexpected occurred!
    at D:\DevCollab\collabx-backend\dist\app.js:24:11
    at D:\DevCollab\collabx-backend\dist\utils\asyncHandler.js:6:25
    at Layer.handleRequest (D:\DevCollab\collabx-backend\node_modules\router\lib\layer.js:152:17)
    at next (D:\DevCollab\collabx-backend\node_modules\router\lib\route.js:157:13)
    at Route.dispatch (D:\DevCollab\collabx-backend\node_modules\router\lib\route.js:117:3)
    at handle (D:\DevCollab\collabx-backend\node_modules\router\index.js:435:11)
    at Layer.handleRequest (D:\DevCollab\collabx-backend\node_modules\router\lib\layer.js:152:17)
    at D:\DevCollab\collabx-backend\node_modules\router\index.js:295:15
    at processParams (D:\DevCollab\collabx-backend\node_modules\router\index.js:582:12)
    at next (D:\DevCollab\collabx-backend\node_modules\router\index.js:291:5)
[2026-06-18 21:09:33:933] [ERROR]: POST /api/v1/auth/signup - Status: 400 - Message: User with this email already exists
[2026-06-18 21:09:33:933] [ERROR]: Error: User with this email already exists
    at Function.signUp (D:\DevCollab\collabx-backend\src\services\auth.service.ts:35:13)
    at processTicksAndRejections (node:internal/process/task_queues:95:5)
    at async signUp (D:\DevCollab\collabx-backend\src\controllers\auth.controller.ts:15:18)
[2026-06-18 21:47:27:4727] [ERROR]: POST /api/v1/auth/signup - Status: 400 - Message: User with this email already exists
[2026-06-18 21:47:27:4727] [ERROR]: Error: User with this email already exists
    at Function.signUp (D:\DevCollab\collabx-backend\src\services\auth.service.ts:35:13)
    at processTicksAndRejections (node:internal/process/task_queues:95:5)
    at async signUp (D:\DevCollab\collabx-backend\src\controllers\auth.controller.ts:16:18)
[2026-06-18 21:47:45:4745] [ERROR]: POST /api/v1/auth/signup - Status: 400 - Message: User with this email already exists
[2026-06-18 21:47:45:4745] [ERROR]: Error: User with this email already exists
    at Function.signUp (D:\DevCollab\collabx-backend\src\services\auth.service.ts:35:13)
    at processTicksAndRejections (node:internal/process/task_queues:95:5)
    at async signUp (D:\DevCollab\collabx-backend\src\controllers\auth.controller.ts:16:18)
[2026-06-18 21:49:50:4950] [ERROR]: POST /api/v1/auth/signup - Status: 400 - Message: User with this email already exists
[2026-06-18 21:49:50:4950] [ERROR]: Error: User with this email already exists
    at Function.signUp (D:\DevCollab\collabx-backend\src\services\auth.service.ts:35:13)
    at processTicksAndRejections (node:internal/process/task_queues:95:5)
    at async signUp (D:\DevCollab\collabx-backend\src\controllers\auth.controller.ts:16:18)
[2026-06-19 20:16:29:1629] [ERROR]: POST /api/v1/workspaces - Status: 401 - Message: Access token is missing. Please log in.
[2026-06-19 20:16:29:1629] [ERROR]: Error: Access token is missing. Please log in.
    at authenticate (D:\DevCollab\collabx-backend\src\middlewares\auth.middleware.ts:30:11)
    at Layer.handleRequest (D:\DevCollab\collabx-backend\node_modules\router\lib\layer.js:152:17)
    at trimPrefix (D:\DevCollab\collabx-backend\node_modules\router\index.js:342:13)
    at D:\DevCollab\collabx-backend\node_modules\router\index.js:297:9
    at processParams (D:\DevCollab\collabx-backend\node_modules\router\index.js:582:12)
    at next (D:\DevCollab\collabx-backend\node_modules\router\index.js:291:5)
    at Function.handle (D:\DevCollab\collabx-backend\node_modules\router\index.js:186:3)
    at router (D:\DevCollab\collabx-backend\node_modules\router\index.js:60:12)
    at Layer.handleRequest (D:\DevCollab\collabx-backend\node_modules\router\lib\layer.js:152:17)
    at trimPrefix (D:\DevCollab\collabx-backend\node_modules\router\index.js:342:13)
[2026-06-19 20:16:29:1629] [ERROR]: POST /api/v1/auth/refresh - Status: 401 - Message: Refresh token is missing
[2026-06-19 20:16:29:1629] [ERROR]: Error: Refresh token is missing
    at Function.refresh (D:\DevCollab\collabx-backend\src\services\auth.service.ts:102:13)
    at refresh (D:\DevCollab\collabx-backend\src\controllers\auth.controller.ts:72:67)
    at D:\DevCollab\collabx-backend\src\utils\asyncHandler.ts:7:21
    at Layer.handleRequest (D:\DevCollab\collabx-backend\node_modules\router\lib\layer.js:152:17)
    at next (D:\DevCollab\collabx-backend\node_modules\router\lib\route.js:157:13)
    at Route.dispatch (D:\DevCollab\collabx-backend\node_modules\router\lib\route.js:117:3)
    at handle (D:\DevCollab\collabx-backend\node_modules\router\index.js:435:11)
    at Layer.handleRequest (D:\DevCollab\collabx-backend\node_modules\router\lib\layer.js:152:17)
    at D:\DevCollab\collabx-backend\node_modules\router\index.js:295:15
    at processParams (D:\DevCollab\collabx-backend\node_modules\router\index.js:582:12)
[2026-06-19 20:16:39:1639] [ERROR]: POST /api/v1/auth/signin - Status: 401 - Message: Invalid email or password
[2026-06-19 20:16:39:1639] [ERROR]: Error: Invalid email or password
    at Function.signIn (D:\DevCollab\collabx-backend\src\services\auth.service.ts:64:13)
    at processTicksAndRejections (node:internal/process/task_queues:95:5)
    at async signIn (D:\DevCollab\collabx-backend\src\controllers\auth.controller.ts:25:49)
[2026-06-19 20:16:39:1639] [ERROR]: POST /api/v1/auth/refresh - Status: 401 - Message: Refresh token is missing
[2026-06-19 20:16:39:1639] [ERROR]: Error: Refresh token is missing
    at Function.refresh (D:\DevCollab\collabx-backend\src\services\auth.service.ts:102:13)
    at refresh (D:\DevCollab\collabx-backend\src\controllers\auth.controller.ts:72:67)
    at D:\DevCollab\collabx-backend\src\utils\asyncHandler.ts:7:21
    at Layer.handleRequest (D:\DevCollab\collabx-backend\node_modules\router\lib\layer.js:152:17)
    at next (D:\DevCollab\collabx-backend\node_modules\router\lib\route.js:157:13)
    at Route.dispatch (D:\DevCollab\collabx-backend\node_modules\router\lib\route.js:117:3)
    at handle (D:\DevCollab\collabx-backend\node_modules\router\index.js:435:11)
    at Layer.handleRequest (D:\DevCollab\collabx-backend\node_modules\router\lib\layer.js:152:17)
    at D:\DevCollab\collabx-backend\node_modules\router\index.js:295:15
    at processParams (D:\DevCollab\collabx-backend\node_modules\router\index.js:582:12)
[2026-06-19 20:25:15:2515] [ERROR]: POST /api/v1/workspaces - Status: 500 - Message: Failed to upload image to Cloudinary.
[2026-06-19 20:25:15:2515] [ERROR]: Error: Failed to upload image to Cloudinary.
    at D:\DevCollab\collabx-backend\src\config\cloudinary.ts:32:18
    at D:\DevCollab\collabx-backend\node_modules\cloudinary\lib\utils\index.js:1388:14
    at IncomingMessage.<anonymous> (D:\DevCollab\collabx-backend\node_modules\cloudinary\lib\uploader.js:528:9)
    at IncomingMessage.emit (node:events:536:35)
    at IncomingMessage.emit (node:domain:489:12)
    at endReadableNT (node:internal/streams/readable:1698:12)
    at processTicksAndRejections (node:internal/process/task_queues:82:21)
[2026-06-19 20:39:59:3959] [ERROR]: POST /api/v1/auth/signin - Status: 401 - Message: Invalid email or password
[2026-06-19 20:39:59:3959] [ERROR]: Error: Invalid email or password
    at Function.signIn (D:\DevCollab\collabx-backend\src\services\auth.service.ts:64:13)
    at processTicksAndRejections (node:internal/process/task_queues:95:5)
    at async signIn (D:\DevCollab\collabx-backend\src\controllers\auth.controller.ts:25:64)
[2026-06-19 20:39:59:3959] [ERROR]: POST /api/v1/auth/refresh - Status: 401 - Message: Refresh token is missing
[2026-06-19 20:39:59:3959] [ERROR]: Error: Refresh token is missing
    at Function.refresh (D:\DevCollab\collabx-backend\src\services\auth.service.ts:108:13)
    at refresh (D:\DevCollab\collabx-backend\src\controllers\auth.controller.ts:72:67)
    at D:\DevCollab\collabx-backend\src\utils\asyncHandler.ts:7:21
    at Layer.handleRequest (D:\DevCollab\collabx-backend\node_modules\router\lib\layer.js:152:17)
    at next (D:\DevCollab\collabx-backend\node_modules\router\lib\route.js:157:13)
    at Route.dispatch (D:\DevCollab\collabx-backend\node_modules\router\lib\route.js:117:3)
    at handle (D:\DevCollab\collabx-backend\node_modules\router\index.js:435:11)
    at Layer.handleRequest (D:\DevCollab\collabx-backend\node_modules\router\lib\layer.js:152:17)
    at D:\DevCollab\collabx-backend\node_modules\router\index.js:295:15
    at processParams (D:\DevCollab\collabx-backend\node_modules\router\index.js:582:12)
[2026-06-19 20:40:07:407] [ERROR]: POST /api/v1/auth/signin - Status: 401 - Message: Invalid email or password
[2026-06-19 20:40:07:407] [ERROR]: Error: Invalid email or password
    at Function.signIn (D:\DevCollab\collabx-backend\src\services\auth.service.ts:64:13)
    at processTicksAndRejections (node:internal/process/task_queues:95:5)
    at async signIn (D:\DevCollab\collabx-backend\src\controllers\auth.controller.ts:25:64)
[2026-06-19 20:40:07:407] [ERROR]: POST /api/v1/auth/refresh - Status: 401 - Message: Refresh token is missing
[2026-06-19 20:40:07:407] [ERROR]: Error: Refresh token is missing
    at Function.refresh (D:\DevCollab\collabx-backend\src\services\auth.service.ts:108:13)
    at refresh (D:\DevCollab\collabx-backend\src\controllers\auth.controller.ts:72:67)
    at D:\DevCollab\collabx-backend\src\utils\asyncHandler.ts:7:21
    at Layer.handleRequest (D:\DevCollab\collabx-backend\node_modules\router\lib\layer.js:152:17)
    at next (D:\DevCollab\collabx-backend\node_modules\router\lib\route.js:157:13)
    at Route.dispatch (D:\DevCollab\collabx-backend\node_modules\router\lib\route.js:117:3)
    at handle (D:\DevCollab\collabx-backend\node_modules\router\index.js:435:11)
    at Layer.handleRequest (D:\DevCollab\collabx-backend\node_modules\router\lib\layer.js:152:17)
    at D:\DevCollab\collabx-backend\node_modules\router\index.js:295:15
    at processParams (D:\DevCollab\collabx-backend\node_modules\router\index.js:582:12)
[2026-06-19 20:40:14:4014] [ERROR]: POST /api/v1/auth/signin - Status: 401 - Message: Invalid email or password
[2026-06-19 20:40:14:4014] [ERROR]: Error: Invalid email or password
    at Function.signIn (D:\DevCollab\collabx-backend\src\services\auth.service.ts:64:13)
    at processTicksAndRejections (node:internal/process/task_queues:95:5)
    at async signIn (D:\DevCollab\collabx-backend\src\controllers\auth.controller.ts:25:64)
[2026-06-19 20:40:14:4014] [ERROR]: POST /api/v1/auth/refresh - Status: 401 - Message: Refresh token is missing
[2026-06-19 20:40:14:4014] [ERROR]: Error: Refresh token is missing
    at Function.refresh (D:\DevCollab\collabx-backend\src\services\auth.service.ts:108:13)
    at refresh (D:\DevCollab\collabx-backend\src\controllers\auth.controller.ts:72:67)
    at D:\DevCollab\collabx-backend\src\utils\asyncHandler.ts:7:21
    at Layer.handleRequest (D:\DevCollab\collabx-backend\node_modules\router\lib\layer.js:152:17)
    at next (D:\DevCollab\collabx-backend\node_modules\router\lib\route.js:157:13)
    at Route.dispatch (D:\DevCollab\collabx-backend\node_modules\router\lib\route.js:117:3)
    at handle (D:\DevCollab\collabx-backend\node_modules\router\index.js:435:11)
    at Layer.handleRequest (D:\DevCollab\collabx-backend\node_modules\router\lib\layer.js:152:17)
    at D:\DevCollab\collabx-backend\node_modules\router\index.js:295:15
    at processParams (D:\DevCollab\collabx-backend\node_modules\router\index.js:582:12)
[2026-06-19 20:40:17:4017] [ERROR]: POST /api/v1/auth/signin - Status: 401 - Message: Invalid email or password
[2026-06-19 20:40:17:4017] [ERROR]: Error: Invalid email or password
    at Function.signIn (D:\DevCollab\collabx-backend\src\services\auth.service.ts:64:13)
    at processTicksAndRejections (node:internal/process/task_queues:95:5)
    at async signIn (D:\DevCollab\collabx-backend\src\controllers\auth.controller.ts:25:64)
[2026-06-19 20:40:17:4017] [ERROR]: POST /api/v1/auth/refresh - Status: 401 - Message: Refresh token is missing
[2026-06-19 20:40:17:4017] [ERROR]: Error: Refresh token is missing
    at Function.refresh (D:\DevCollab\collabx-backend\src\services\auth.service.ts:108:13)
    at refresh (D:\DevCollab\collabx-backend\src\controllers\auth.controller.ts:72:67)
    at D:\DevCollab\collabx-backend\src\utils\asyncHandler.ts:7:21
    at Layer.handleRequest (D:\DevCollab\collabx-backend\node_modules\router\lib\layer.js:152:17)
    at next (D:\DevCollab\collabx-backend\node_modules\router\lib\route.js:157:13)
    at Route.dispatch (D:\DevCollab\collabx-backend\node_modules\router\lib\route.js:117:3)
    at handle (D:\DevCollab\collabx-backend\node_modules\router\index.js:435:11)
    at Layer.handleRequest (D:\DevCollab\collabx-backend\node_modules\router\lib\layer.js:152:17)
    at D:\DevCollab\collabx-backend\node_modules\router\index.js:295:15
    at processParams (D:\DevCollab\collabx-backend\node_modules\router\index.js:582:12)
[2026-06-20 14:55:11:5511] [ERROR]: POST /api/v1/auth/signin - Status: 401 - Message: Invalid email or password
[2026-06-20 14:55:11:5511] [ERROR]: Error: Invalid email or password
    at Function.signIn (D:\DevCollab\collabx-backend\src\services\auth.service.ts:70:13)
    at async signIn (D:\DevCollab\collabx-backend\src\controllers\auth.controller.ts:25:64)
[2026-06-20 14:55:11:5511] [ERROR]: POST /api/v1/auth/refresh - Status: 401 - Message: Refresh token is missing
[2026-06-20 14:55:11:5511] [ERROR]: Error: Refresh token is missing
    at Function.refresh (D:\DevCollab\collabx-backend\src\services\auth.service.ts:113:13)
    at refresh (D:\DevCollab\collabx-backend\src\controllers\auth.controller.ts:72:67)
    at D:\DevCollab\collabx-backend\src\utils\asyncHandler.ts:7:21
    at Layer.handleRequest (D:\DevCollab\collabx-backend\node_modules\router\lib\layer.js:152:17)
    at next (D:\DevCollab\collabx-backend\node_modules\router\lib\route.js:157:13)
    at Route.dispatch (D:\DevCollab\collabx-backend\node_modules\router\lib\route.js:117:3)
    at handle (D:\DevCollab\collabx-backend\node_modules\router\index.js:435:11)
    at Layer.handleRequest (D:\DevCollab\collabx-backend\node_modules\router\lib\layer.js:152:17)
    at D:\DevCollab\collabx-backend\node_modules\router\index.js:295:15
    at processParams (D:\DevCollab\collabx-backend\node_modules\router\index.js:582:12)
[2026-06-20 16:02:11:211] [ERROR]: POST /api/v1/workspaces/2/members - Status: 500 - Message: request entity too large
[2026-06-20 16:02:11:211] [ERROR]: PayloadTooLargeError: request entity too large
    at readStream (D:\DevCollab\collabx-backend\node_modules\raw-body\index.js:163:17)
    at getRawBody (D:\DevCollab\collabx-backend\node_modules\raw-body\index.js:116:12)
    at read (D:\DevCollab\collabx-backend\node_modules\body-parser\lib\read.js:113:3)
    at jsonParser (D:\DevCollab\collabx-backend\node_modules\body-parser\lib\types\json.js:60:5)
    at Layer.handleRequest (D:\DevCollab\collabx-backend\node_modules\router\lib\layer.js:152:17)
    at trimPrefix (D:\DevCollab\collabx-backend\node_modules\router\index.js:342:13)
    at D:\DevCollab\collabx-backend\node_modules\router\index.js:297:9
    at processParams (D:\DevCollab\collabx-backend\node_modules\router\index.js:582:12)
    at next (D:\DevCollab\collabx-backend\node_modules\router\index.js:291:5)
    at cors (D:\DevCollab\collabx-backend\node_modules\cors\lib\index.js:188:7)
[2026-06-20 16:13:32:1332] [ERROR]: GET /api/v1/workspaces/2/members?q=&role=all&page=1&limit=10 - Status: 500 - Message: 
Invalid `prisma.workspaceMember.count()` invocation in
D:\DevCollab\collabx-backend\src\services\workspace-member.service.ts:101:30

   98 }
   99 
  100 const [total, members] = await prisma.$transaction([
→ 101   prisma.workspaceMember.count(
Transaction API error: Unable to start a transaction in the given time.
[2026-06-20 16:13:32:1332] [ERROR]: PrismaClientKnownRequestError: 
Invalid `prisma.workspaceMember.count()` invocation in
D:\DevCollab\collabx-backend\src\services\workspace-member.service.ts:101:30

   98 }
   99 
  100 const [total, members] = await prisma.$transaction([
→ 101   prisma.workspaceMember.count(
Transaction API error: Unable to start a transaction in the given time.
    at zr.handleRequestError (D:\DevCollab\collabx-backend\node_modules\@prisma\client\src\runtime\RequestHandler.ts:237:13)
    at zr.handleAndLogRequestError (D:\DevCollab\collabx-backend\node_modules\@prisma\client\src\runtime\RequestHandler.ts:183:12)
    at zr.request (D:\DevCollab\collabx-backend\node_modules\@prisma\client\src\runtime\RequestHandler.ts:152:12)
    at async a (D:\DevCollab\collabx-backend\node_modules\@prisma\client\src\runtime\getPrismaClient.ts:963:24)
[2026-06-20 16:14:20:1420] [ERROR]: GET /api/v1/workspaces/2/members?q=&role=all&page=1&limit=10 - Status: 500 - Message: 
Invalid `prisma.workspaceMember.count()` invocation in
D:\DevCollab\collabx-backend\src\services\workspace-member.service.ts:101:30

   98 }
   99 
  100 const [total, members] = await prisma.$transaction([
→ 101   prisma.workspaceMember.count(
Transaction API error: Unable to start a transaction in the given time.
[2026-06-20 16:14:20:1420] [ERROR]: PrismaClientKnownRequestError: 
Invalid `prisma.workspaceMember.count()` invocation in
D:\DevCollab\collabx-backend\src\services\workspace-member.service.ts:101:30

   98 }
   99 
  100 const [total, members] = await prisma.$transaction([
→ 101   prisma.workspaceMember.count(
Transaction API error: Unable to start a transaction in the given time.
    at zr.handleRequestError (D:\DevCollab\collabx-backend\node_modules\@prisma\client\src\runtime\RequestHandler.ts:237:13)
    at zr.handleAndLogRequestError (D:\DevCollab\collabx-backend\node_modules\@prisma\client\src\runtime\RequestHandler.ts:183:12)
    at zr.request (D:\DevCollab\collabx-backend\node_modules\@prisma\client\src\runtime\RequestHandler.ts:152:12)
    at async a (D:\DevCollab\collabx-backend\node_modules\@prisma\client\src\runtime\getPrismaClient.ts:963:24)
[2026-06-20 16:14:22:1422] [ERROR]: GET /api/v1/workspaces/2/members?q=&role=all&page=1&limit=10 - Status: 500 - Message: 
Invalid `prisma.workspaceMember.count()` invocation in
D:\DevCollab\collabx-backend\src\services\workspace-member.service.ts:101:30

   98 }
   99 
  100 const [total, members] = await prisma.$transaction([
→ 101   prisma.workspaceMember.count(
Transaction API error: Unable to start a transaction in the given time.
[2026-06-20 16:14:22:1422] [ERROR]: PrismaClientKnownRequestError: 
Invalid `prisma.workspaceMember.count()` invocation in
D:\DevCollab\collabx-backend\src\services\workspace-member.service.ts:101:30

   98 }
   99 
  100 const [total, members] = await prisma.$transaction([
→ 101   prisma.workspaceMember.count(
Transaction API error: Unable to start a transaction in the given time.
    at zr.handleRequestError (D:\DevCollab\collabx-backend\node_modules\@prisma\client\src\runtime\RequestHandler.ts:237:13)
    at zr.handleAndLogRequestError (D:\DevCollab\collabx-backend\node_modules\@prisma\client\src\runtime\RequestHandler.ts:183:12)
    at zr.request (D:\DevCollab\collabx-backend\node_modules\@prisma\client\src\runtime\RequestHandler.ts:152:12)
    at async a (D:\DevCollab\collabx-backend\node_modules\@prisma\client\src\runtime\getPrismaClient.ts:963:24)
[2026-06-22 16:00:21:021] [ERROR]: GET /api/v1/workspaces - Status: 401 - Message: Access token is missing. Please log in.
[2026-06-22 16:00:21:021] [ERROR]: Error: Access token is missing. Please log in.
    at authenticate (D:\DevCollab\collabx-backend\src\middlewares\auth.middleware.ts:30:11)
    at Layer.handleRequest (D:\DevCollab\collabx-backend\node_modules\router\lib\layer.js:152:17)
    at trimPrefix (D:\DevCollab\collabx-backend\node_modules\router\index.js:342:13)
    at D:\DevCollab\collabx-backend\node_modules\router\index.js:297:9
    at processParams (D:\DevCollab\collabx-backend\node_modules\router\index.js:582:12)
    at next (D:\DevCollab\collabx-backend\node_modules\router\index.js:291:5)
    at Function.handle (D:\DevCollab\collabx-backend\node_modules\router\index.js:186:3)
    at router (D:\DevCollab\collabx-backend\node_modules\router\index.js:60:12)
    at Layer.handleRequest (D:\DevCollab\collabx-backend\node_modules\router\lib\layer.js:152:17)
    at trimPrefix (D:\DevCollab\collabx-backend\node_modules\router\index.js:342:13)
[2026-06-22 16:00:21:021] [ERROR]: GET /api/v1/workspaces - Status: 401 - Message: Access token is missing. Please log in.
[2026-06-22 16:00:21:021] [ERROR]: Error: Access token is missing. Please log in.
    at authenticate (D:\DevCollab\collabx-backend\src\middlewares\auth.middleware.ts:30:11)
    at Layer.handleRequest (D:\DevCollab\collabx-backend\node_modules\router\lib\layer.js:152:17)
    at trimPrefix (D:\DevCollab\collabx-backend\node_modules\router\index.js:342:13)
    at D:\DevCollab\collabx-backend\node_modules\router\index.js:297:9
    at processParams (D:\DevCollab\collabx-backend\node_modules\router\index.js:582:12)
    at next (D:\DevCollab\collabx-backend\node_modules\router\index.js:291:5)
    at Function.handle (D:\DevCollab\collabx-backend\node_modules\router\index.js:186:3)
    at router (D:\DevCollab\collabx-backend\node_modules\router\index.js:60:12)
    at Layer.handleRequest (D:\DevCollab\collabx-backend\node_modules\router\lib\layer.js:152:17)
    at trimPrefix (D:\DevCollab\collabx-backend\node_modules\router\index.js:342:13)
[2026-06-22 16:00:22:022] [ERROR]: POST /api/v1/auth/refresh - Status: 401 - Message: Refresh token is missing
[2026-06-22 16:00:22:022] [ERROR]: Error: Refresh token is missing
    at Function.refresh (D:\DevCollab\collabx-backend\src\services\auth.service.ts:113:13)
    at refresh (D:\DevCollab\collabx-backend\src\controllers\auth.controller.ts:72:67)
    at D:\DevCollab\collabx-backend\src\utils\asyncHandler.ts:7:21
    at Layer.handleRequest (D:\DevCollab\collabx-backend\node_modules\router\lib\layer.js:152:17)
    at next (D:\DevCollab\collabx-backend\node_modules\router\lib\route.js:157:13)
    at Route.dispatch (D:\DevCollab\collabx-backend\node_modules\router\lib\route.js:117:3)
    at handle (D:\DevCollab\collabx-backend\node_modules\router\index.js:435:11)
    at Layer.handleRequest (D:\DevCollab\collabx-backend\node_modules\router\lib\layer.js:152:17)
    at D:\DevCollab\collabx-backend\node_modules\router\index.js:295:15
    at processParams (D:\DevCollab\collabx-backend\node_modules\router\index.js:582:12)
[2026-06-22 17:04:25:425] [INFO]: Kafka consumer event handlers registered for Notification and Inbox Modules
[2026-06-22 17:04:25:425] [INFO]: Initializing Kafka connection...
[2026-06-22 17:04:25:425] [INFO]: Successfully connected to Redis at: redis://127.0.0.1:6379
[2026-06-22 17:04:35:435] [ERROR]: Failed to connect Kafka Producer: Connection error: 
[2026-06-22 17:04:35:435] [ERROR]: Kafka initialization failed. Server starting without active Kafka connection: Connection error: 
[2026-06-22 17:04:35:435] [INFO]: Connecting to RabbitMQ...
[2026-06-22 17:04:35:435] [ERROR]: Failed to connect RabbitMQ. Continuing server boot:
[2026-06-22 17:04:35:435] [INFO]: Server is running on port 5001
[2026-06-22 17:06:46:646] [INFO]: Kafka consumer event handlers registered for Notification and Inbox Modules
[2026-06-22 17:06:46:646] [INFO]: Initializing Kafka connection...
[2026-06-22 17:06:46:646] [INFO]: Successfully connected to Redis at: redis://127.0.0.1:6379
[2026-06-22 17:06:53:653] [ERROR]: Failed to connect Kafka Producer: Connection error: 
[2026-06-22 17:06:53:653] [ERROR]: Kafka initialization failed. Server starting without active Kafka connection: Connection error: 
[2026-06-22 17:06:53:653] [INFO]: Connecting to RabbitMQ...
[2026-06-22 17:06:53:653] [ERROR]: Failed to connect RabbitMQ. Continuing server boot:
[2026-06-22 17:06:53:653] [INFO]: Server is running on port 5001
[2026-06-22 17:12:05:125] [INFO]: Kafka consumer event handlers registered for Notification and Inbox Modules
[2026-06-22 17:12:05:125] [INFO]: Initializing Kafka connection...
[2026-06-22 17:12:05:125] [INFO]: Successfully connected to Redis at: redis://127.0.0.1:6379
[2026-06-22 17:12:12:1212] [ERROR]: Failed to connect Kafka Producer: Connection error: 
[2026-06-22 17:12:12:1212] [ERROR]: Kafka initialization failed. Server starting without active Kafka connection: Connection error: 
[2026-06-22 17:12:12:1212] [INFO]: Connecting to RabbitMQ...
[2026-06-22 17:12:12:1212] [ERROR]: Failed to connect RabbitMQ. Continuing server boot:
[2026-06-22 17:12:12:1212] [INFO]: Server is running on port 5001
[2026-06-22 17:18:42:1842] [INFO]: Kafka consumer event handlers registered for Notification and Inbox Modules
[2026-06-22 17:18:42:1842] [INFO]: Initializing Kafka connection...
[2026-06-22 17:18:42:1842] [INFO]: Successfully connected to Redis at: redis://127.0.0.1:6379
[2026-06-22 17:18:52:1852] [ERROR]: Failed to connect Kafka Producer: Connection error: 
[2026-06-22 17:18:52:1852] [ERROR]: Kafka initialization failed. Server starting without active Kafka connection: Connection error: 
[2026-06-22 17:18:52:1852] [INFO]: Connecting to RabbitMQ...
[2026-06-22 17:18:52:1852] [INFO]: Successfully connected to RabbitMQ at: amqp://localhost:5672
[2026-06-22 17:18:52:1852] [INFO]: RabbitMQ asserted queue: notification-emails
[2026-06-22 17:18:52:1852] [INFO]: RabbitMQ asserted queue: workspace-invite-emails
[2026-06-22 17:18:52:1852] [INFO]: RabbitMQ asserted queue: daily-digest
[2026-06-22 17:18:52:1852] [INFO]: RabbitMQ workers started successfully
[2026-06-22 17:18:52:1852] [INFO]: Server is running on port 5001
[2026-06-22 17:23:33:2333] [INFO]: Kafka consumer event handlers registered for Notification and Inbox Modules
[2026-06-22 17:23:33:2333] [INFO]: Initializing Kafka connection...
[2026-06-22 17:23:33:2333] [INFO]: Successfully connected to Redis at: redis://127.0.0.1:6379
[2026-06-22 17:23:43:2343] [ERROR]: Failed to connect Kafka Producer: Connection error: 
[2026-06-22 17:23:43:2343] [ERROR]: Kafka initialization failed. Server starting without active Kafka connection: Connection error: 
[2026-06-22 17:23:43:2343] [INFO]: Connecting to RabbitMQ...
[2026-06-22 17:23:43:2343] [ERROR]: Failed to connect RabbitMQ. Continuing server boot:
[2026-06-22 17:23:43:2343] [INFO]: Server is running on port 5001
[2026-06-24 21:11:15:1115] [INFO]: Kafka consumer event handlers registered for Notification and Inbox Modules
[2026-06-24 21:11:15:1115] [INFO]: Initializing Kafka connection...
[2026-06-24 21:11:15:1115] [INFO]: Successfully connected to Redis at: redis://127.0.0.1:6379
[2026-06-24 21:11:22:1122] [ERROR]: Failed to connect Kafka Producer: Connection error: 
[2026-06-24 21:11:22:1122] [ERROR]: Kafka initialization failed. Server starting without active Kafka connection: Connection error: 
[2026-06-24 21:11:22:1122] [INFO]: Connecting to RabbitMQ...
[2026-06-24 21:11:22:1122] [ERROR]: Failed to connect RabbitMQ. Continuing server boot:
[2026-06-24 21:11:22:1122] [INFO]: Server is running on port 5001
[2026-06-24 21:13:28:1328] [INFO]: Kafka consumer event handlers registered for Notification and Inbox Modules
[2026-06-24 21:13:28:1328] [INFO]: Initializing Kafka connection...
[2026-06-24 21:13:28:1328] [INFO]: Successfully connected to Redis at: redis://127.0.0.1:6379
[2026-06-24 21:13:43:1343] [ERROR]: Failed to connect Kafka Producer: Connection error: 
[2026-06-24 21:13:43:1343] [ERROR]: Kafka initialization failed. Server starting without active Kafka connection: Connection error: 
[2026-06-24 21:13:43:1343] [INFO]: Connecting to RabbitMQ...
[2026-06-24 21:13:43:1343] [INFO]: Successfully connected to RabbitMQ at: amqp://localhost:5672
[2026-06-24 21:13:43:1343] [INFO]: RabbitMQ asserted queue: notification-emails
[2026-06-24 21:13:43:1343] [INFO]: RabbitMQ asserted queue: workspace-invite-emails
[2026-06-24 21:13:43:1343] [INFO]: RabbitMQ asserted queue: daily-digest
[2026-06-24 21:13:43:1343] [INFO]: RabbitMQ workers started successfully
[2026-06-24 21:13:43:1343] [INFO]: Server is running on port 5001
[2026-06-24 21:26:54:2654] [INFO]: Kafka consumer event handlers registered for Notification and Inbox Modules
[2026-06-24 21:26:54:2654] [INFO]: Initializing Kafka connection...
[2026-06-24 21:26:54:2654] [INFO]: Successfully connected to Redis at: redis://127.0.0.1:6379
[2026-06-24 21:26:55:2655] [INFO]: Kafka Producer connected successfully
[2026-06-24 21:26:55:2655] [INFO]: Kafka Consumer connected successfully
[2026-06-24 21:26:55:2655] [ERROR]: Failed to start Kafka Consumer: This server does not host this topic-partition
[2026-06-24 21:26:55:2655] [INFO]: Kafka initialized successfully
[2026-06-24 21:26:55:2655] [INFO]: Connecting to RabbitMQ...
[2026-06-24 21:26:55:2655] [INFO]: Successfully connected to RabbitMQ at: amqp://localhost:5672
[2026-06-24 21:26:55:2655] [INFO]: RabbitMQ asserted queue: notification-emails
[2026-06-24 21:26:55:2655] [INFO]: RabbitMQ asserted queue: workspace-invite-emails
[2026-06-24 21:26:55:2655] [INFO]: RabbitMQ asserted queue: daily-digest
[2026-06-24 21:26:55:2655] [INFO]: RabbitMQ workers started successfully
[2026-06-24 21:26:55:2655] [INFO]: Server is running on port 5001
[2026-06-24 21:29:18:2918] [INFO]: Kafka consumer event handlers registered for Notification and Inbox Modules
[2026-06-24 21:29:18:2918] [INFO]: Initializing Kafka connection...
[2026-06-24 21:29:18:2918] [INFO]: Successfully connected to Redis at: redis://127.0.0.1:6379
[2026-06-24 21:29:18:2918] [INFO]: Kafka Producer connected successfully
[2026-06-24 21:29:18:2918] [INFO]: Kafka Consumer connected successfully
[2026-06-24 21:29:18:2918] [INFO]: Kafka Consumer subscribed to topic: notification.created
[2026-06-24 21:29:18:2918] [INFO]: Kafka Consumer subscribed to topic: workspace.invited
[2026-06-24 21:29:18:2918] [INFO]: Kafka Consumer subscribed to topic: member.joined
[2026-06-24 21:29:18:2918] [INFO]: Kafka Consumer subscribed to topic: role.changed
[2026-06-24 21:29:18:2918] [INFO]: Kafka Consumer subscribed to topic: inbox.created
[2026-06-24 21:29:23:2923] [INFO]: Kafka initialized successfully
[2026-06-24 21:29:23:2923] [INFO]: Connecting to RabbitMQ...
[2026-06-24 21:29:24:2924] [INFO]: Successfully connected to RabbitMQ at: amqp://localhost:5672
[2026-06-24 21:29:24:2924] [INFO]: RabbitMQ asserted queue: notification-emails
[2026-06-24 21:29:24:2924] [INFO]: RabbitMQ asserted queue: workspace-invite-emails
[2026-06-24 21:29:24:2924] [INFO]: RabbitMQ asserted queue: daily-digest
[2026-06-24 21:29:24:2924] [INFO]: RabbitMQ workers started successfully
[2026-06-24 21:29:24:2924] [INFO]: Server is running on port 5001
[2026-06-24 21:32:23:3223] [ERROR]: GET /api/v1/workspaces - Status: 401 - Message: Access token is missing. Please log in.
[2026-06-24 21:32:23:3223] [ERROR]: Error: Access token is missing. Please log in.
    at authenticate (D:\DevCollab\collabx-backend\src\middlewares\auth.middleware.ts:30:11)
    at Layer.handleRequest (D:\DevCollab\collabx-backend\node_modules\router\lib\layer.js:152:17)
    at trimPrefix (D:\DevCollab\collabx-backend\node_modules\router\index.js:342:13)
    at D:\DevCollab\collabx-backend\node_modules\router\index.js:297:9
    at processParams (D:\DevCollab\collabx-backend\node_modules\router\index.js:582:12)
    at next (D:\DevCollab\collabx-backend\node_modules\router\index.js:291:5)
    at Function.handle (D:\DevCollab\collabx-backend\node_modules\router\index.js:186:3)
    at router (D:\DevCollab\collabx-backend\node_modules\router\index.js:60:12)
    at Layer.handleRequest (D:\DevCollab\collabx-backend\node_modules\router\lib\layer.js:152:17)
    at trimPrefix (D:\DevCollab\collabx-backend\node_modules\router\index.js:342:13)
[2026-06-24 21:32:23:3223] [ERROR]: GET /api/v1/workspaces - Status: 401 - Message: Access token is missing. Please log in.
[2026-06-24 21:32:23:3223] [ERROR]: Error: Access token is missing. Please log in.
    at authenticate (D:\DevCollab\collabx-backend\src\middlewares\auth.middleware.ts:30:11)
    at Layer.handleRequest (D:\DevCollab\collabx-backend\node_modules\router\lib\layer.js:152:17)
    at trimPrefix (D:\DevCollab\collabx-backend\node_modules\router\index.js:342:13)
    at D:\DevCollab\collabx-backend\node_modules\router\index.js:297:9
    at processParams (D:\DevCollab\collabx-backend\node_modules\router\index.js:582:12)
    at next (D:\DevCollab\collabx-backend\node_modules\router\index.js:291:5)
    at Function.handle (D:\DevCollab\collabx-backend\node_modules\router\index.js:186:3)
    at router (D:\DevCollab\collabx-backend\node_modules\router\index.js:60:12)
    at Layer.handleRequest (D:\DevCollab\collabx-backend\node_modules\router\lib\layer.js:152:17)
    at trimPrefix (D:\DevCollab\collabx-backend\node_modules\router\index.js:342:13)
[2026-06-24 21:32:24:3224] [ERROR]: POST /api/v1/auth/refresh - Status: 401 - Message: Refresh token is missing
[2026-06-24 21:32:24:3224] [ERROR]: Error: Refresh token is missing
    at Function.refresh (D:\DevCollab\collabx-backend\src\services\auth.service.ts:113:13)
    at refresh (D:\DevCollab\collabx-backend\src\controllers\auth.controller.ts:72:67)
    at D:\DevCollab\collabx-backend\src\utils\asyncHandler.ts:7:21
    at Layer.handleRequest (D:\DevCollab\collabx-backend\node_modules\router\lib\layer.js:152:17)
    at next (D:\DevCollab\collabx-backend\node_modules\router\lib\route.js:157:13)
    at Route.dispatch (D:\DevCollab\collabx-backend\node_modules\router\lib\route.js:117:3)
    at handle (D:\DevCollab\collabx-backend\node_modules\router\index.js:435:11)
    at Layer.handleRequest (D:\DevCollab\collabx-backend\node_modules\router\lib\layer.js:152:17)
    at D:\DevCollab\collabx-backend\node_modules\router\index.js:295:15
    at processParams (D:\DevCollab\collabx-backend\node_modules\router\index.js:582:12)
[2026-06-24 21:32:51:3251] [ERROR]: POST /api/v1/auth/signin - Status: 401 - Message: Invalid email or password
[2026-06-24 21:32:51:3251] [ERROR]: Error: Invalid email or password
    at Function.signIn (D:\DevCollab\collabx-backend\src\services\auth.service.ts:64:13)
    at processTicksAndRejections (node:internal/process/task_queues:95:5)
    at async signIn (D:\DevCollab\collabx-backend\src\controllers\auth.controller.ts:25:64)
[2026-06-24 21:32:51:3251] [ERROR]: POST /api/v1/auth/refresh - Status: 401 - Message: Refresh token is missing
[2026-06-24 21:32:51:3251] [ERROR]: Error: Refresh token is missing
    at Function.refresh (D:\DevCollab\collabx-backend\src\services\auth.service.ts:113:13)
    at refresh (D:\DevCollab\collabx-backend\src\controllers\auth.controller.ts:72:67)
    at D:\DevCollab\collabx-backend\src\utils\asyncHandler.ts:7:21
    at Layer.handleRequest (D:\DevCollab\collabx-backend\node_modules\router\lib\layer.js:152:17)
    at next (D:\DevCollab\collabx-backend\node_modules\router\lib\route.js:157:13)
    at Route.dispatch (D:\DevCollab\collabx-backend\node_modules\router\lib\route.js:117:3)
    at handle (D:\DevCollab\collabx-backend\node_modules\router\index.js:435:11)
    at Layer.handleRequest (D:\DevCollab\collabx-backend\node_modules\router\lib\layer.js:152:17)
    at D:\DevCollab\collabx-backend\node_modules\router\index.js:295:15
    at processParams (D:\DevCollab\collabx-backend\node_modules\router\index.js:582:12)
[2026-06-24 21:32:55:3255] [ERROR]: POST /api/v1/auth/signin - Status: 401 - Message: Invalid email or password
[2026-06-24 21:32:55:3255] [ERROR]: Error: Invalid email or password
    at Function.signIn (D:\DevCollab\collabx-backend\src\services\auth.service.ts:64:13)
    at processTicksAndRejections (node:internal/process/task_queues:95:5)
    at async signIn (D:\DevCollab\collabx-backend\src\controllers\auth.controller.ts:25:64)
[2026-06-24 21:32:55:3255] [ERROR]: POST /api/v1/auth/refresh - Status: 401 - Message: Refresh token is missing
[2026-06-24 21:32:55:3255] [ERROR]: Error: Refresh token is missing
    at Function.refresh (D:\DevCollab\collabx-backend\src\services\auth.service.ts:113:13)
    at refresh (D:\DevCollab\collabx-backend\src\controllers\auth.controller.ts:72:67)
    at D:\DevCollab\collabx-backend\src\utils\asyncHandler.ts:7:21
    at Layer.handleRequest (D:\DevCollab\collabx-backend\node_modules\router\lib\layer.js:152:17)
    at next (D:\DevCollab\collabx-backend\node_modules\router\lib\route.js:157:13)
    at Route.dispatch (D:\DevCollab\collabx-backend\node_modules\router\lib\route.js:117:3)
    at handle (D:\DevCollab\collabx-backend\node_modules\router\index.js:435:11)
    at Layer.handleRequest (D:\DevCollab\collabx-backend\node_modules\router\lib\layer.js:152:17)
    at D:\DevCollab\collabx-backend\node_modules\router\index.js:295:15
    at processParams (D:\DevCollab\collabx-backend\node_modules\router\index.js:582:12)
[2026-06-24 21:32:58:3258] [ERROR]: POST /api/v1/auth/signin - Status: 401 - Message: Invalid email or password
[2026-06-24 21:32:58:3258] [ERROR]: Error: Invalid email or password
    at Function.signIn (D:\DevCollab\collabx-backend\src\services\auth.service.ts:64:13)
    at processTicksAndRejections (node:internal/process/task_queues:95:5)
    at async signIn (D:\DevCollab\collabx-backend\src\controllers\auth.controller.ts:25:64)
[2026-06-24 21:32:58:3258] [ERROR]: POST /api/v1/auth/refresh - Status: 401 - Message: Refresh token is missing
[2026-06-24 21:32:58:3258] [ERROR]: Error: Refresh token is missing
    at Function.refresh (D:\DevCollab\collabx-backend\src\services\auth.service.ts:113:13)
    at refresh (D:\DevCollab\collabx-backend\src\controllers\auth.controller.ts:72:67)
    at D:\DevCollab\collabx-backend\src\utils\asyncHandler.ts:7:21
    at Layer.handleRequest (D:\DevCollab\collabx-backend\node_modules\router\lib\layer.js:152:17)
    at next (D:\DevCollab\collabx-backend\node_modules\router\lib\route.js:157:13)
    at Route.dispatch (D:\DevCollab\collabx-backend\node_modules\router\lib\route.js:117:3)
    at handle (D:\DevCollab\collabx-backend\node_modules\router\index.js:435:11)
    at Layer.handleRequest (D:\DevCollab\collabx-backend\node_modules\router\lib\layer.js:152:17)
    at D:\DevCollab\collabx-backend\node_modules\router\index.js:295:15
    at processParams (D:\DevCollab\collabx-backend\node_modules\router\index.js:582:12)
[2026-06-24 21:33:03:333] [ERROR]: POST /api/v1/auth/signin - Status: 401 - Message: Invalid email or password
[2026-06-24 21:33:03:333] [ERROR]: Error: Invalid email or password
    at Function.signIn (D:\DevCollab\collabx-backend\src\services\auth.service.ts:64:13)
    at processTicksAndRejections (node:internal/process/task_queues:95:5)
    at async signIn (D:\DevCollab\collabx-backend\src\controllers\auth.controller.ts:25:64)
[2026-06-24 21:33:03:333] [ERROR]: POST /api/v1/auth/refresh - Status: 401 - Message: Refresh token is missing
[2026-06-24 21:33:03:333] [ERROR]: Error: Refresh token is missing
    at Function.refresh (D:\DevCollab\collabx-backend\src\services\auth.service.ts:113:13)
    at refresh (D:\DevCollab\collabx-backend\src\controllers\auth.controller.ts:72:67)
    at D:\DevCollab\collabx-backend\src\utils\asyncHandler.ts:7:21
    at Layer.handleRequest (D:\DevCollab\collabx-backend\node_modules\router\lib\layer.js:152:17)
    at next (D:\DevCollab\collabx-backend\node_modules\router\lib\route.js:157:13)
    at Route.dispatch (D:\DevCollab\collabx-backend\node_modules\router\lib\route.js:117:3)
    at handle (D:\DevCollab\collabx-backend\node_modules\router\index.js:435:11)
    at Layer.handleRequest (D:\DevCollab\collabx-backend\node_modules\router\lib\layer.js:152:17)
    at D:\DevCollab\collabx-backend\node_modules\router\index.js:295:15
    at processParams (D:\DevCollab\collabx-backend\node_modules\router\index.js:582:12)
[2026-06-24 21:33:06:336] [ERROR]: POST /api/v1/auth/signin - Status: 401 - Message: Invalid email or password
[2026-06-24 21:33:06:336] [ERROR]: Error: Invalid email or password
    at Function.signIn (D:\DevCollab\collabx-backend\src\services\auth.service.ts:64:13)
    at processTicksAndRejections (node:internal/process/task_queues:95:5)
    at async signIn (D:\DevCollab\collabx-backend\src\controllers\auth.controller.ts:25:64)
[2026-06-24 21:33:06:336] [ERROR]: POST /api/v1/auth/refresh - Status: 401 - Message: Refresh token is missing
[2026-06-24 21:33:06:336] [ERROR]: Error: Refresh token is missing
    at Function.refresh (D:\DevCollab\collabx-backend\src\services\auth.service.ts:113:13)
    at refresh (D:\DevCollab\collabx-backend\src\controllers\auth.controller.ts:72:67)
    at D:\DevCollab\collabx-backend\src\utils\asyncHandler.ts:7:21
    at Layer.handleRequest (D:\DevCollab\collabx-backend\node_modules\router\lib\layer.js:152:17)
    at next (D:\DevCollab\collabx-backend\node_modules\router\lib\route.js:157:13)
    at Route.dispatch (D:\DevCollab\collabx-backend\node_modules\router\lib\route.js:117:3)
    at handle (D:\DevCollab\collabx-backend\node_modules\router\index.js:435:11)
    at Layer.handleRequest (D:\DevCollab\collabx-backend\node_modules\router\lib\layer.js:152:17)
    at D:\DevCollab\collabx-backend\node_modules\router\index.js:295:15
    at processParams (D:\DevCollab\collabx-backend\node_modules\router\index.js:582:12)
[2026-06-24 21:35:49:3549] [INFO]: Kafka received message from topic "workspace.invited"
[2026-06-24 21:35:49:3549] [INFO]: Processing event "WORKSPACE_INVITED" for recipient ID 2
[2026-06-24 21:35:50:3550] [ERROR]: Error creating notification from event: 
Invalid `prisma.notification.create()` invocation in
D:\DevCollab\collabx-backend\src\modules\notifications\notification.repository.ts:6:32

  3 
  4 export class NotificationRepository {
  5   static async create(data: CreateNotificationInput) {
→ 6     return prisma.notification.create(
The table `public.Notification` does not exist in the current database.
[2026-06-24 21:35:50:3550] [ERROR]: Error processing message from topic "workspace.invited": 
Invalid `prisma.notification.create()` invocation in
D:\DevCollab\collabx-backend\src\modules\notifications\notification.repository.ts:6:32

  3 
  4 export class NotificationRepository {
  5   static async create(data: CreateNotificationInput) {
→ 6     return prisma.notification.create(
The table `public.Notification` does not exist in the current database.
[2026-06-24 21:35:51:3551] [INFO]: Kafka received message from topic "member.joined"
[2026-06-24 21:35:51:3551] [INFO]: Processing event "SYSTEM" for recipient ID 1
[2026-06-24 21:35:52:3552] [ERROR]: Error creating notification from event: 
Invalid `prisma.notification.create()` invocation in
D:\DevCollab\collabx-backend\src\modules\notifications\notification.repository.ts:6:32

  3 
  4 export class NotificationRepository {
  5   static async create(data: CreateNotificationInput) {
→ 6     return prisma.notification.create(
The table `public.Notification` does not exist in the current database.
[2026-06-24 21:35:52:3552] [ERROR]: Error processing message from topic "member.joined": 
Invalid `prisma.notification.create()` invocation in
D:\DevCollab\collabx-backend\src\modules\notifications\notification.repository.ts:6:32

  3 
  4 export class NotificationRepository {
  5   static async create(data: CreateNotificationInput) {
→ 6     return prisma.notification.create(
The table `public.Notification` does not exist in the current database.
[2026-06-24 21:49:19:4919] [INFO]: Kafka consumer event handlers registered for Notification and Inbox Modules
[2026-06-24 21:49:19:4919] [INFO]: Initializing Kafka connection...
[2026-06-24 21:49:19:4919] [INFO]: Successfully connected to Redis at: redis://127.0.0.1:6379
[2026-06-24 21:49:19:4919] [INFO]: Kafka Producer connected successfully
[2026-06-24 21:49:19:4919] [INFO]: Kafka Consumer connected successfully
[2026-06-24 21:49:19:4919] [INFO]: Kafka Consumer subscribed to topic: notification.created
[2026-06-24 21:49:19:4919] [INFO]: Kafka Consumer subscribed to topic: workspace.invited
[2026-06-24 21:49:19:4919] [INFO]: Kafka Consumer subscribed to topic: member.joined
[2026-06-24 21:49:19:4919] [INFO]: Kafka Consumer subscribed to topic: role.changed
[2026-06-24 21:49:19:4919] [INFO]: Kafka Consumer subscribed to topic: inbox.created
[2026-06-24 21:49:43:4943] [INFO]: Kafka initialized successfully
[2026-06-24 21:49:43:4943] [INFO]: Connecting to RabbitMQ...
[2026-06-24 21:49:43:4943] [INFO]: Successfully connected to RabbitMQ at: amqp://localhost:5672
[2026-06-24 21:49:43:4943] [INFO]: RabbitMQ asserted queue: notification-emails
[2026-06-24 21:49:43:4943] [INFO]: RabbitMQ asserted queue: workspace-invite-emails
[2026-06-24 21:49:43:4943] [INFO]: RabbitMQ asserted queue: daily-digest
[2026-06-24 21:49:43:4943] [INFO]: RabbitMQ workers started successfully
[2026-06-24 21:49:43:4943] [INFO]: Server is running on port 5001
[2026-06-24 21:49:58:4958] [INFO]: Kafka consumer event handlers registered for Notification and Inbox Modules
[2026-06-24 21:49:58:4958] [INFO]: Initializing Kafka connection...
[2026-06-24 21:49:58:4958] [INFO]: Successfully connected to Redis at: redis://127.0.0.1:6379
[2026-06-24 21:49:58:4958] [INFO]: Kafka Producer connected successfully
[2026-06-24 21:49:58:4958] [INFO]: Kafka Consumer connected successfully
[2026-06-24 21:49:58:4958] [INFO]: Kafka Consumer subscribed to topic: notification.created
[2026-06-24 21:49:58:4958] [INFO]: Kafka Consumer subscribed to topic: workspace.invited
[2026-06-24 21:49:58:4958] [INFO]: Kafka Consumer subscribed to topic: member.joined
[2026-06-24 21:49:58:4958] [INFO]: Kafka Consumer subscribed to topic: role.changed
[2026-06-24 21:49:58:4958] [INFO]: Kafka Consumer subscribed to topic: inbox.created
[2026-06-24 21:50:21:5021] [INFO]: Kafka initialized successfully
[2026-06-24 21:50:21:5021] [INFO]: Connecting to RabbitMQ...
[2026-06-24 21:50:21:5021] [INFO]: Successfully connected to RabbitMQ at: amqp://localhost:5672
[2026-06-24 21:50:21:5021] [INFO]: RabbitMQ asserted queue: notification-emails
[2026-06-24 21:50:21:5021] [INFO]: RabbitMQ asserted queue: workspace-invite-emails
[2026-06-24 21:50:21:5021] [INFO]: RabbitMQ asserted queue: daily-digest
[2026-06-24 21:50:21:5021] [INFO]: RabbitMQ workers started successfully
[2026-06-24 21:50:21:5021] [INFO]: Server is running on port 5001
[2026-06-24 21:50:52:5052] [INFO]: Kafka consumer event handlers registered for Notification and Inbox Modules
[2026-06-24 21:50:52:5052] [INFO]: Initializing Kafka connection...
[2026-06-24 21:50:52:5052] [INFO]: Successfully connected to Redis at: redis://127.0.0.1:6379
[2026-06-24 21:50:52:5052] [INFO]: Kafka Producer connected successfully
[2026-06-24 21:50:52:5052] [INFO]: Kafka Consumer connected successfully
[2026-06-24 21:50:52:5052] [INFO]: Kafka Consumer subscribed to topic: notification.created
[2026-06-24 21:50:52:5052] [INFO]: Kafka Consumer subscribed to topic: workspace.invited
[2026-06-24 21:50:52:5052] [INFO]: Kafka Consumer subscribed to topic: member.joined
[2026-06-24 21:50:52:5052] [INFO]: Kafka Consumer subscribed to topic: role.changed
[2026-06-24 21:50:52:5052] [INFO]: Kafka Consumer subscribed to topic: inbox.created
[2026-06-24 21:51:03:513] [INFO]: Kafka consumer event handlers registered for Notification and Inbox Modules
[2026-06-24 21:51:03:513] [INFO]: Initializing Kafka connection...
[2026-06-24 21:51:03:513] [INFO]: Successfully connected to Redis at: redis://127.0.0.1:6379
[2026-06-24 21:51:03:513] [INFO]: Kafka Producer connected successfully
[2026-06-24 21:51:03:513] [INFO]: Kafka Consumer connected successfully
[2026-06-24 21:51:03:513] [INFO]: Kafka Consumer subscribed to topic: notification.created
[2026-06-24 21:51:03:513] [INFO]: Kafka Consumer subscribed to topic: workspace.invited
[2026-06-24 21:51:03:513] [INFO]: Kafka Consumer subscribed to topic: member.joined
[2026-06-24 21:51:03:513] [INFO]: Kafka Consumer subscribed to topic: role.changed
[2026-06-24 21:51:03:513] [INFO]: Kafka Consumer subscribed to topic: inbox.created
[2026-06-24 21:54:17:5417] [INFO]: Kafka consumer event handlers registered for Notification and Inbox Modules
[2026-06-24 21:54:17:5417] [INFO]: Initializing Kafka connection...
[2026-06-24 21:54:18:5418] [INFO]: Successfully connected to Redis at: redis://127.0.0.1:6379
[2026-06-24 21:54:18:5418] [INFO]: Kafka Producer connected successfully
[2026-06-24 21:54:18:5418] [INFO]: Kafka Consumer connected successfully
[2026-06-24 21:54:18:5418] [INFO]: Kafka Consumer subscribed to topic: notification.created
[2026-06-24 21:54:18:5418] [INFO]: Kafka Consumer subscribed to topic: workspace.invited
[2026-06-24 21:54:18:5418] [INFO]: Kafka Consumer subscribed to topic: member.joined
[2026-06-24 21:54:18:5418] [INFO]: Kafka Consumer subscribed to topic: role.changed
[2026-06-24 21:54:18:5418] [INFO]: Kafka Consumer subscribed to topic: inbox.created
[2026-06-24 21:54:21:5421] [INFO]: Kafka initialized successfully
[2026-06-24 21:54:21:5421] [INFO]: Connecting to RabbitMQ...
[2026-06-24 21:54:21:5421] [INFO]: Successfully connected to RabbitMQ at: amqp://localhost:5672
[2026-06-24 21:54:21:5421] [INFO]: RabbitMQ asserted queue: notification-emails
[2026-06-24 21:54:21:5421] [INFO]: RabbitMQ asserted queue: workspace-invite-emails
[2026-06-24 21:54:21:5421] [INFO]: RabbitMQ asserted queue: daily-digest
[2026-06-24 21:54:21:5421] [INFO]: RabbitMQ workers started successfully
[2026-06-24 21:54:21:5421] [INFO]: Server is running on port 5001
[2026-06-24 22:02:02:22] [INFO]: Kafka received message from topic "notification.created"
[2026-06-24 22:02:02:22] [INFO]: Processing event "TASK_ASSIGNED" for recipient ID 2
[2026-06-24 22:02:14:214] [INFO]: [Worker: notification-emails] Sending email alert to ajeet12@gmail.com for type TASK_ASSIGNED
[2026-06-24 22:19:50:1950] [INFO]: Kafka received message from topic "notification.created"
[2026-06-24 22:19:50:1950] [INFO]: Processing event "TASK_ASSIGNED" for recipient ID 2
[2026-06-24 22:19:58:1958] [INFO]: [Worker: notification-emails] Sending email alert to ajeet12@gmail.com for type TASK_ASSIGNED
[2026-06-24 22:27:09:279] [INFO]: Kafka received message from topic "workspace.invited"
[2026-06-24 22:27:09:279] [INFO]: Processing event "WORKSPACE_INVITED" for recipient ID 3
[2026-06-24 22:27:13:2713] [INFO]: [Worker: workspace-invite-emails] Sending workspace invitation email to rajan12@gmail.com
[2026-06-24 22:27:13:2713] [INFO]: Kafka received message from topic "member.joined"
[2026-06-24 22:27:13:2713] [INFO]: Processing event "SYSTEM" for recipient ID 1
[2026-06-24 22:27:17:2717] [INFO]: [Worker: notification-emails] Sending email alert to amit@gmail.com for type SYSTEM
[2026-06-24 22:27:37:2737] [ERROR]: GET /api/v1/workspaces - Status: 401 - Message: Access token is missing. Please log in.
[2026-06-24 22:27:37:2737] [ERROR]: Error: Access token is missing. Please log in.
    at authenticate (D:\DevCollab\collabx-backend\src\middlewares\auth.middleware.ts:30:11)
    at Layer.handleRequest (D:\DevCollab\collabx-backend\node_modules\router\lib\layer.js:152:17)
    at trimPrefix (D:\DevCollab\collabx-backend\node_modules\router\index.js:342:13)
    at D:\DevCollab\collabx-backend\node_modules\router\index.js:297:9
    at processParams (D:\DevCollab\collabx-backend\node_modules\router\index.js:582:12)
    at next (D:\DevCollab\collabx-backend\node_modules\router\index.js:291:5)
    at Function.handle (D:\DevCollab\collabx-backend\node_modules\router\index.js:186:3)
    at router (D:\DevCollab\collabx-backend\node_modules\router\index.js:60:12)
    at Layer.handleRequest (D:\DevCollab\collabx-backend\node_modules\router\lib\layer.js:152:17)
    at trimPrefix (D:\DevCollab\collabx-backend\node_modules\router\index.js:342:13)
[2026-06-24 22:27:37:2737] [ERROR]: GET /api/v1/workspaces - Status: 401 - Message: Access token is missing. Please log in.
[2026-06-24 22:27:37:2737] [ERROR]: Error: Access token is missing. Please log in.
    at authenticate (D:\DevCollab\collabx-backend\src\middlewares\auth.middleware.ts:30:11)
    at Layer.handleRequest (D:\DevCollab\collabx-backend\node_modules\router\lib\layer.js:152:17)
    at trimPrefix (D:\DevCollab\collabx-backend\node_modules\router\index.js:342:13)
    at D:\DevCollab\collabx-backend\node_modules\router\index.js:297:9
    at processParams (D:\DevCollab\collabx-backend\node_modules\router\index.js:582:12)
    at next (D:\DevCollab\collabx-backend\node_modules\router\index.js:291:5)
    at Function.handle (D:\DevCollab\collabx-backend\node_modules\router\index.js:186:3)
    at router (D:\DevCollab\collabx-backend\node_modules\router\index.js:60:12)
    at Layer.handleRequest (D:\DevCollab\collabx-backend\node_modules\router\lib\layer.js:152:17)
    at trimPrefix (D:\DevCollab\collabx-backend\node_modules\router\index.js:342:13)
[2026-06-24 22:27:37:2737] [ERROR]: POST /api/v1/auth/refresh - Status: 401 - Message: Refresh token is missing
[2026-06-24 22:27:37:2737] [ERROR]: Error: Refresh token is missing
    at Function.refresh (D:\DevCollab\collabx-backend\src\services\auth.service.ts:113:13)
    at refresh (D:\DevCollab\collabx-backend\src\controllers\auth.controller.ts:72:67)
    at D:\DevCollab\collabx-backend\src\utils\asyncHandler.ts:7:21
    at Layer.handleRequest (D:\DevCollab\collabx-backend\node_modules\router\lib\layer.js:152:17)
    at next (D:\DevCollab\collabx-backend\node_modules\router\lib\route.js:157:13)
    at Route.dispatch (D:\DevCollab\collabx-backend\node_modules\router\lib\route.js:117:3)
    at handle (D:\DevCollab\collabx-backend\node_modules\router\index.js:435:11)
    at Layer.handleRequest (D:\DevCollab\collabx-backend\node_modules\router\lib\layer.js:152:17)
    at D:\DevCollab\collabx-backend\node_modules\router\index.js:295:15
    at processParams (D:\DevCollab\collabx-backend\node_modules\router\index.js:582:12)
[2026-06-24 22:31:24:3124] [INFO]: Kafka consumer event handlers registered for Notification and Inbox Modules
[2026-06-24 22:31:24:3124] [INFO]: Initializing Kafka connection...
[2026-06-24 22:31:24:3124] [INFO]: Successfully connected to Redis at: redis://127.0.0.1:6379
[2026-06-24 22:31:24:3124] [INFO]: Kafka Producer connected successfully
[2026-06-24 22:31:24:3124] [INFO]: Kafka Consumer connected successfully
[2026-06-24 22:31:24:3124] [INFO]: Kafka Consumer subscribed to topic: notification.created
[2026-06-24 22:31:24:3124] [INFO]: Kafka Consumer subscribed to topic: workspace.invited
[2026-06-24 22:31:24:3124] [INFO]: Kafka Consumer subscribed to topic: member.joined
[2026-06-24 22:31:24:3124] [INFO]: Kafka Consumer subscribed to topic: role.changed
[2026-06-24 22:31:24:3124] [INFO]: Kafka Consumer subscribed to topic: inbox.created
[2026-06-24 22:31:39:3139] [INFO]: Kafka initialized successfully
[2026-06-24 22:31:39:3139] [INFO]: Connecting to RabbitMQ...
[2026-06-24 22:31:39:3139] [INFO]: Successfully connected to RabbitMQ at: amqp://localhost:5672
[2026-06-24 22:31:39:3139] [INFO]: RabbitMQ asserted queue: notification-emails
[2026-06-24 22:31:39:3139] [INFO]: RabbitMQ asserted queue: workspace-invite-emails
[2026-06-24 22:31:39:3139] [INFO]: RabbitMQ asserted queue: daily-digest
[2026-06-24 22:31:39:3139] [INFO]: RabbitMQ workers started successfully
[2026-06-24 22:31:39:3139] [INFO]: Server is running on port 5001
[2026-06-24 22:32:50:3250] [INFO]: Kafka received message from topic "notification.created"
[2026-06-24 22:32:50:3250] [INFO]: Processing event "TASK_ASSIGNED" for recipient ID 3
[2026-06-24 22:32:59:3259] [INFO]: [Worker: notification-emails] Sending email alert to rajan12@gmail.com for type TASK_ASSIGNED
[2026-06-24 22:37:24:3724] [INFO]: Kafka consumer event handlers registered for Notification and Inbox Modules
[2026-06-24 22:37:24:3724] [INFO]: Initializing Kafka connection...
[2026-06-24 22:37:24:3724] [INFO]: Successfully connected to Redis at: redis://127.0.0.1:6379
[2026-06-24 22:37:24:3724] [INFO]: Kafka Producer connected successfully
[2026-06-24 22:37:24:3724] [INFO]: Kafka Consumer connected successfully
[2026-06-24 22:37:24:3724] [INFO]: Kafka Consumer subscribed to topic: notification.created
[2026-06-24 22:37:24:3724] [INFO]: Kafka Consumer subscribed to topic: workspace.invited
[2026-06-24 22:37:24:3724] [INFO]: Kafka Consumer subscribed to topic: member.joined
[2026-06-24 22:37:24:3724] [INFO]: Kafka Consumer subscribed to topic: role.changed
[2026-06-24 22:37:24:3724] [INFO]: Kafka Consumer subscribed to topic: inbox.created
[2026-06-24 22:37:48:3748] [INFO]: Kafka initialized successfully
[2026-06-24 22:37:48:3748] [INFO]: Connecting to RabbitMQ...
[2026-06-24 22:37:48:3748] [INFO]: Successfully connected to RabbitMQ at: amqp://localhost:5672
[2026-06-24 22:37:48:3748] [INFO]: RabbitMQ asserted queue: notification-emails
[2026-06-24 22:37:48:3748] [INFO]: RabbitMQ asserted queue: workspace-invite-emails
[2026-06-24 22:37:48:3748] [INFO]: RabbitMQ asserted queue: daily-digest
[2026-06-24 22:37:48:3748] [INFO]: RabbitMQ workers started successfully
[2026-06-24 22:37:48:3748] [INFO]: Server is running on port 5001
[2026-06-24 23:14:59:1459] [ERROR]: GET /api/v1/workspaces/1/tasks - Status: 500 - Message: Connection terminated unexpectedly
[2026-06-24 23:14:59:1459] [ERROR]: Error: Connection terminated unexpectedly
    at D:\DevCollab\collabx-backend\node_modules\pg-pool\index.js:45:11
    at processTicksAndRejections (node:internal/process/task_queues:95:5)
    at async PrismaPgAdapter.performIO (D:\DevCollab\collabx-backend\node_modules\@prisma\adapter-pg\dist\index.js:654:22)
    at async PrismaPgAdapter.queryRaw (D:\DevCollab\collabx-backend\node_modules\@prisma\adapter-pg\dist\index.js:604:30)
    at async e.interpretNode (D:\DevCollab\collabx-backend\node_modules\@prisma\client-engine-runtime\src\interpreter\query-interpreter.ts:186:26)
    at async e.interpretNode (D:\DevCollab\collabx-backend\node_modules\@prisma\client-engine-runtime\src\interpreter\query-interpreter.ts:213:41)
    at async e.interpretNode (D:\DevCollab\collabx-backend\node_modules\@prisma\client-engine-runtime\src\interpreter\query-interpreter.ts:272:41)
    at async e.run (D:\DevCollab\collabx-backend\node_modules\@prisma\client-engine-runtime\src\interpreter\query-interpreter.ts:94:23)
    at async execute (D:\DevCollab\collabx-backend\node_modules\@prisma\client\src\runtime\core\engines\client\LocalExecutor.ts:81:12)
    at async jt.request (D:\DevCollab\collabx-backend\node_modules\@prisma\client\src\runtime\core\engines\client\ClientEngine.ts:504:22)
[2026-06-24 23:14:59:1459] [ERROR]: GET /api/v1/workspaces/1/tasks - Status: 500 - Message: Connection terminated unexpectedly
[2026-06-24 23:14:59:1459] [ERROR]: Error: Connection terminated unexpectedly
    at D:\DevCollab\collabx-backend\node_modules\pg-pool\index.js:45:11
    at processTicksAndRejections (node:internal/process/task_queues:95:5)
    at async PrismaPgAdapter.performIO (D:\DevCollab\collabx-backend\node_modules\@prisma\adapter-pg\dist\index.js:654:22)
    at async PrismaPgAdapter.queryRaw (D:\DevCollab\collabx-backend\node_modules\@prisma\adapter-pg\dist\index.js:604:30)
    at async e.interpretNode (D:\DevCollab\collabx-backend\node_modules\@prisma\client-engine-runtime\src\interpreter\query-interpreter.ts:186:26)
    at async e.interpretNode (D:\DevCollab\collabx-backend\node_modules\@prisma\client-engine-runtime\src\interpreter\query-interpreter.ts:213:41)
    at async e.interpretNode (D:\DevCollab\collabx-backend\node_modules\@prisma\client-engine-runtime\src\interpreter\query-interpreter.ts:272:41)
    at async e.run (D:\DevCollab\collabx-backend\node_modules\@prisma\client-engine-runtime\src\interpreter\query-interpreter.ts:94:23)
    at async execute (D:\DevCollab\collabx-backend\node_modules\@prisma\client\src\runtime\core\engines\client\LocalExecutor.ts:81:12)
    at async jt.request (D:\DevCollab\collabx-backend\node_modules\@prisma\client\src\runtime\core\engines\client\ClientEngine.ts:504:22)
[2026-06-24 23:18:41:1841] [INFO]: Kafka consumer event handlers registered for Notification and Inbox Modules
[2026-06-24 23:18:41:1841] [INFO]: Initializing Kafka connection...
[2026-06-24 23:18:41:1841] [INFO]: Successfully connected to Redis at: redis://127.0.0.1:6379
[2026-06-24 23:18:41:1841] [INFO]: Kafka Producer connected successfully
[2026-06-24 23:18:41:1841] [INFO]: Kafka Consumer connected successfully
[2026-06-24 23:18:41:1841] [INFO]: Kafka Consumer subscribed to topic: notification.created
[2026-06-24 23:18:41:1841] [INFO]: Kafka Consumer subscribed to topic: workspace.invited
[2026-06-24 23:18:41:1841] [INFO]: Kafka Consumer subscribed to topic: member.joined
[2026-06-24 23:18:41:1841] [INFO]: Kafka Consumer subscribed to topic: role.changed
[2026-06-24 23:18:41:1841] [INFO]: Kafka Consumer subscribed to topic: inbox.created
[2026-06-24 23:18:59:1859] [INFO]: Kafka initialized successfully
[2026-06-24 23:18:59:1859] [INFO]: Connecting to RabbitMQ...
[2026-06-24 23:18:59:1859] [INFO]: Successfully connected to RabbitMQ at: amqp://localhost:5672
[2026-06-24 23:18:59:1859] [INFO]: RabbitMQ asserted queue: notification-emails
[2026-06-24 23:18:59:1859] [INFO]: RabbitMQ asserted queue: workspace-invite-emails
[2026-06-24 23:18:59:1859] [INFO]: RabbitMQ asserted queue: daily-digest
[2026-06-24 23:18:59:1859] [INFO]: RabbitMQ workers started successfully
[2026-06-24 23:18:59:1859] [INFO]: Server is running on port 5001
[2026-06-25 09:39:47:3947] [INFO]: Kafka consumer event handlers registered for Notification and Inbox Modules
[2026-06-25 09:39:47:3947] [INFO]: Initializing Kafka connection...
[2026-06-25 09:39:47:3947] [INFO]: Successfully connected to Redis at: redis://127.0.0.1:6379
[2026-06-25 09:39:47:3947] [INFO]: Kafka Producer connected successfully
[2026-06-25 09:39:47:3947] [INFO]: Kafka Consumer connected successfully
[2026-06-25 09:39:47:3947] [INFO]: Kafka Consumer subscribed to topic: notification.created
[2026-06-25 09:39:47:3947] [INFO]: Kafka Consumer subscribed to topic: workspace.invited
[2026-06-25 09:39:47:3947] [INFO]: Kafka Consumer subscribed to topic: member.joined
[2026-06-25 09:39:47:3947] [INFO]: Kafka Consumer subscribed to topic: role.changed
[2026-06-25 09:39:47:3947] [INFO]: Kafka Consumer subscribed to topic: inbox.created
[2026-06-25 09:39:51:3951] [INFO]: Kafka initialized successfully
[2026-06-25 09:39:51:3951] [INFO]: Connecting to RabbitMQ...
[2026-06-25 09:39:51:3951] [INFO]: Successfully connected to RabbitMQ at: amqp://localhost:5672
[2026-06-25 09:39:51:3951] [INFO]: RabbitMQ asserted queue: notification-emails
[2026-06-25 09:39:51:3951] [INFO]: RabbitMQ asserted queue: workspace-invite-emails
[2026-06-25 09:39:51:3951] [INFO]: RabbitMQ asserted queue: daily-digest
[2026-06-25 09:39:51:3951] [INFO]: RabbitMQ workers started successfully
[2026-06-25 09:39:51:3951] [INFO]: Server is running on port 5001
[2026-06-25 09:41:05:415] [ERROR]: GET /api/v1/workspaces/1/tasks - Status: 401 - Message: Access token is missing. Please log in.
[2026-06-25 09:41:05:415] [ERROR]: Error: Access token is missing. Please log in.
    at authenticate (D:\DevCollab\collabx-backend\src\middlewares\auth.middleware.ts:30:11)
    at Layer.handleRequest (D:\DevCollab\collabx-backend\node_modules\router\lib\layer.js:152:17)
    at trimPrefix (D:\DevCollab\collabx-backend\node_modules\router\index.js:342:13)
    at D:\DevCollab\collabx-backend\node_modules\router\index.js:297:9
    at processParams (D:\DevCollab\collabx-backend\node_modules\router\index.js:582:12)
    at next (D:\DevCollab\collabx-backend\node_modules\router\index.js:291:5)
    at Function.handle (D:\DevCollab\collabx-backend\node_modules\router\index.js:186:3)
    at router (D:\DevCollab\collabx-backend\node_modules\router\index.js:60:12)
    at Layer.handleRequest (D:\DevCollab\collabx-backend\node_modules\router\lib\layer.js:152:17)
    at trimPrefix (D:\DevCollab\collabx-backend\node_modules\router\index.js:342:13)
[2026-06-25 09:41:05:415] [ERROR]: GET /api/v1/workspaces/1/tasks - Status: 401 - Message: Access token is missing. Please log in.
[2026-06-25 09:41:05:415] [ERROR]: Error: Access token is missing. Please log in.
    at authenticate (D:\DevCollab\collabx-backend\src\middlewares\auth.middleware.ts:30:11)
    at Layer.handleRequest (D:\DevCollab\collabx-backend\node_modules\router\lib\layer.js:152:17)
    at trimPrefix (D:\DevCollab\collabx-backend\node_modules\router\index.js:342:13)
    at D:\DevCollab\collabx-backend\node_modules\router\index.js:297:9
    at processParams (D:\DevCollab\collabx-backend\node_modules\router\index.js:582:12)
    at next (D:\DevCollab\collabx-backend\node_modules\router\index.js:291:5)
    at Function.handle (D:\DevCollab\collabx-backend\node_modules\router\index.js:186:3)
    at router (D:\DevCollab\collabx-backend\node_modules\router\index.js:60:12)
    at Layer.handleRequest (D:\DevCollab\collabx-backend\node_modules\router\lib\layer.js:152:17)
    at trimPrefix (D:\DevCollab\collabx-backend\node_modules\router\index.js:342:13)
[2026-06-25 09:41:06:416] [ERROR]: POST /api/v1/auth/refresh - Status: 401 - Message: Refresh token is missing
[2026-06-25 09:41:06:416] [ERROR]: Error: Refresh token is missing
    at Function.refresh (D:\DevCollab\collabx-backend\src\services\auth.service.ts:113:13)
    at refresh (D:\DevCollab\collabx-backend\src\controllers\auth.controller.ts:72:67)
    at D:\DevCollab\collabx-backend\src\utils\asyncHandler.ts:7:21
    at Layer.handleRequest (D:\DevCollab\collabx-backend\node_modules\router\lib\layer.js:152:17)
    at next (D:\DevCollab\collabx-backend\node_modules\router\lib\route.js:157:13)
    at Route.dispatch (D:\DevCollab\collabx-backend\node_modules\router\lib\route.js:117:3)
    at handle (D:\DevCollab\collabx-backend\node_modules\router\index.js:435:11)
    at Layer.handleRequest (D:\DevCollab\collabx-backend\node_modules\router\lib\layer.js:152:17)
    at D:\DevCollab\collabx-backend\node_modules\router\index.js:295:15
    at processParams (D:\DevCollab\collabx-backend\node_modules\router\index.js:582:12)
[2026-06-25 09:41:28:4128] [ERROR]: POST /api/v1/auth/signin - Status: 401 - Message: Invalid email or password
[2026-06-25 09:41:28:4128] [ERROR]: Error: Invalid email or password
    at Function.signIn (D:\DevCollab\collabx-backend\src\services\auth.service.ts:70:13)
    at async signIn (D:\DevCollab\collabx-backend\src\controllers\auth.controller.ts:25:64)
[2026-06-25 09:41:28:4128] [ERROR]: POST /api/v1/auth/refresh - Status: 401 - Message: Refresh token is missing
[2026-06-25 09:41:28:4128] [ERROR]: Error: Refresh token is missing
    at Function.refresh (D:\DevCollab\collabx-backend\src\services\auth.service.ts:113:13)
    at refresh (D:\DevCollab\collabx-backend\src\controllers\auth.controller.ts:72:67)
    at D:\DevCollab\collabx-backend\src\utils\asyncHandler.ts:7:21
    at Layer.handleRequest (D:\DevCollab\collabx-backend\node_modules\router\lib\layer.js:152:17)
    at next (D:\DevCollab\collabx-backend\node_modules\router\lib\route.js:157:13)
    at Route.dispatch (D:\DevCollab\collabx-backend\node_modules\router\lib\route.js:117:3)
    at handle (D:\DevCollab\collabx-backend\node_modules\router\index.js:435:11)
    at Layer.handleRequest (D:\DevCollab\collabx-backend\node_modules\router\lib\layer.js:152:17)
    at D:\DevCollab\collabx-backend\node_modules\router\index.js:295:15
    at processParams (D:\DevCollab\collabx-backend\node_modules\router\index.js:582:12)
[2026-06-25 10:00:27:027] [INFO]: Kafka consumer event handlers registered for Notification and Inbox Modules
[2026-06-25 10:00:27:027] [INFO]: Initializing Kafka connection...
[2026-06-25 10:00:27:027] [INFO]: Successfully connected to Redis at: redis://127.0.0.1:6379
[2026-06-25 10:00:27:027] [INFO]: Kafka Producer connected successfully
[2026-06-25 10:00:27:027] [INFO]: Kafka Consumer connected successfully
[2026-06-25 10:00:27:027] [INFO]: Kafka Consumer subscribed to topic: notification.created
[2026-06-25 10:00:27:027] [INFO]: Kafka Consumer subscribed to topic: workspace.invited
[2026-06-25 10:00:27:027] [INFO]: Kafka Consumer subscribed to topic: member.joined
[2026-06-25 10:00:27:027] [INFO]: Kafka Consumer subscribed to topic: role.changed
[2026-06-25 10:00:27:027] [INFO]: Kafka Consumer subscribed to topic: inbox.created
[2026-06-25 10:00:31:031] [INFO]: Kafka initialized successfully
[2026-06-25 10:00:31:031] [INFO]: Connecting to RabbitMQ...
[2026-06-25 10:00:31:031] [INFO]: Successfully connected to RabbitMQ at: amqp://localhost:5672
[2026-06-25 10:00:31:031] [INFO]: RabbitMQ asserted queue: notification-emails
[2026-06-25 10:00:31:031] [INFO]: RabbitMQ asserted queue: workspace-invite-emails
[2026-06-25 10:00:31:031] [INFO]: RabbitMQ asserted queue: daily-digest
[2026-06-25 10:00:31:031] [INFO]: RabbitMQ workers started successfully
[2026-06-25 10:00:31:031] [INFO]: Server is running on port 5001
[2026-06-25 10:00:42:042] [INFO]: Kafka consumer event handlers registered for Notification and Inbox Modules
[2026-06-25 10:00:42:042] [INFO]: Initializing Kafka connection...
[2026-06-25 10:00:42:042] [INFO]: Successfully connected to Redis at: redis://127.0.0.1:6379
[2026-06-25 10:00:43:043] [INFO]: Kafka Producer connected successfully
[2026-06-25 10:00:43:043] [INFO]: Kafka Consumer connected successfully
[2026-06-25 10:00:43:043] [INFO]: Kafka Consumer subscribed to topic: notification.created
[2026-06-25 10:00:43:043] [INFO]: Kafka Consumer subscribed to topic: workspace.invited
[2026-06-25 10:00:43:043] [INFO]: Kafka Consumer subscribed to topic: member.joined
[2026-06-25 10:00:43:043] [INFO]: Kafka Consumer subscribed to topic: role.changed
[2026-06-25 10:00:43:043] [INFO]: Kafka Consumer subscribed to topic: inbox.created
[2026-06-25 10:00:49:049] [INFO]: Kafka consumer event handlers registered for Notification and Inbox Modules
[2026-06-25 10:00:49:049] [INFO]: Initializing Kafka connection...
[2026-06-25 10:00:49:049] [INFO]: Successfully connected to Redis at: redis://127.0.0.1:6379
[2026-06-25 10:00:49:049] [INFO]: Kafka Producer connected successfully
[2026-06-25 10:00:49:049] [INFO]: Kafka Consumer connected successfully
[2026-06-25 10:00:49:049] [INFO]: Kafka Consumer subscribed to topic: notification.created
[2026-06-25 10:00:49:049] [INFO]: Kafka Consumer subscribed to topic: workspace.invited
[2026-06-25 10:00:49:049] [INFO]: Kafka Consumer subscribed to topic: member.joined
[2026-06-25 10:00:49:049] [INFO]: Kafka Consumer subscribed to topic: role.changed
[2026-06-25 10:00:49:049] [INFO]: Kafka Consumer subscribed to topic: inbox.created
[2026-06-25 10:00:55:055] [INFO]: Kafka consumer event handlers registered for Notification and Inbox Modules
[2026-06-25 10:00:55:055] [INFO]: Initializing Kafka connection...
[2026-06-25 10:00:55:055] [INFO]: Successfully connected to Redis at: redis://127.0.0.1:6379
[2026-06-25 10:00:55:055] [INFO]: Kafka Producer connected successfully
[2026-06-25 10:00:55:055] [INFO]: Kafka Consumer connected successfully
[2026-06-25 10:00:55:055] [INFO]: Kafka Consumer subscribed to topic: notification.created
[2026-06-25 10:00:55:055] [INFO]: Kafka Consumer subscribed to topic: workspace.invited
[2026-06-25 10:00:55:055] [INFO]: Kafka Consumer subscribed to topic: member.joined
[2026-06-25 10:00:55:055] [INFO]: Kafka Consumer subscribed to topic: role.changed
[2026-06-25 10:00:55:055] [INFO]: Kafka Consumer subscribed to topic: inbox.created
[2026-06-25 10:07:25:725] [INFO]: Kafka consumer event handlers registered for Notification and Inbox Modules
[2026-06-25 10:07:25:725] [INFO]: Initializing Kafka connection...
[2026-06-25 10:07:25:725] [INFO]: Successfully connected to Redis at: redis://127.0.0.1:6379
[2026-06-25 10:07:25:725] [INFO]: Kafka Producer connected successfully
[2026-06-25 10:07:25:725] [INFO]: Kafka Consumer connected successfully
[2026-06-25 10:07:25:725] [INFO]: Kafka Consumer subscribed to topic: notification.created
[2026-06-25 10:07:25:725] [INFO]: Kafka Consumer subscribed to topic: workspace.invited
[2026-06-25 10:07:25:725] [INFO]: Kafka Consumer subscribed to topic: member.joined
[2026-06-25 10:07:25:725] [INFO]: Kafka Consumer subscribed to topic: role.changed
[2026-06-25 10:07:25:725] [INFO]: Kafka Consumer subscribed to topic: inbox.created
[2026-06-25 10:07:28:728] [INFO]: Kafka initialized successfully
[2026-06-25 10:07:28:728] [INFO]: Connecting to RabbitMQ...
[2026-06-25 10:07:28:728] [INFO]: Successfully connected to RabbitMQ at: amqp://localhost:5672
[2026-06-25 10:07:28:728] [INFO]: RabbitMQ asserted queue: notification-emails
[2026-06-25 10:07:28:728] [INFO]: RabbitMQ asserted queue: workspace-invite-emails
[2026-06-25 10:07:28:728] [INFO]: RabbitMQ asserted queue: daily-digest
[2026-06-25 10:07:28:728] [INFO]: RabbitMQ workers started successfully
[2026-06-25 10:07:28:728] [INFO]: Server is running on port 5001
[2026-06-25 10:09:27:927] [ERROR]: GET /api/v1/workspaces/1/files - Status: 403 - Message: You are not a member of this workspace.
[2026-06-25 10:09:27:927] [ERROR]: Error: You are not a member of this workspace.
    at Function.listFiles (D:\DevCollab\collabx-backend\src\services\file.service.ts:91:13)
    at processTicksAndRejections (node:internal/process/task_queues:95:5)
    at async listFiles (D:\DevCollab\collabx-backend\src\controllers\file.controller.ts:42:19)
[2026-06-25 10:09:27:927] [ERROR]: GET /api/v1/workspaces/1/files - Status: 403 - Message: You are not a member of this workspace.
[2026-06-25 10:09:27:927] [ERROR]: Error: You are not a member of this workspace.
    at Function.listFiles (D:\DevCollab\collabx-backend\src\services\file.service.ts:91:13)
    at processTicksAndRejections (node:internal/process/task_queues:95:5)
    at async listFiles (D:\DevCollab\collabx-backend\src\controllers\file.controller.ts:42:19)
[2026-06-25 10:09:38:938] [ERROR]: GET /api/v1/workspaces/1/files - Status: 403 - Message: You are not a member of this workspace.
[2026-06-25 10:09:38:938] [ERROR]: Error: You are not a member of this workspace.
    at Function.listFiles (D:\DevCollab\collabx-backend\src\services\file.service.ts:91:13)
    at processTicksAndRejections (node:internal/process/task_queues:95:5)
    at async listFiles (D:\DevCollab\collabx-backend\src\controllers\file.controller.ts:42:19)
[2026-06-25 10:09:38:938] [ERROR]: GET /api/v1/workspaces/1/files - Status: 403 - Message: You are not a member of this workspace.
[2026-06-25 10:09:38:938] [ERROR]: Error: You are not a member of this workspace.
    at Function.listFiles (D:\DevCollab\collabx-backend\src\services\file.service.ts:91:13)
    at processTicksAndRejections (node:internal/process/task_queues:95:5)
    at async listFiles (D:\DevCollab\collabx-backend\src\controllers\file.controller.ts:42:19)
[2026-06-25 10:12:39:1239] [INFO]: Kafka consumer event handlers registered for Notification and Inbox Modules
[2026-06-25 10:12:39:1239] [INFO]: Initializing Kafka connection...
[2026-06-25 10:12:39:1239] [INFO]: Successfully connected to Redis at: redis://127.0.0.1:6379
[2026-06-25 10:12:39:1239] [INFO]: Kafka Producer connected successfully
[2026-06-25 10:12:39:1239] [INFO]: Kafka Consumer connected successfully
[2026-06-25 10:12:39:1239] [INFO]: Kafka Consumer subscribed to topic: notification.created
[2026-06-25 10:12:39:1239] [INFO]: Kafka Consumer subscribed to topic: workspace.invited
[2026-06-25 10:12:39:1239] [INFO]: Kafka Consumer subscribed to topic: member.joined
[2026-06-25 10:12:39:1239] [INFO]: Kafka Consumer subscribed to topic: role.changed
[2026-06-25 10:12:39:1239] [INFO]: Kafka Consumer subscribed to topic: inbox.created
[2026-06-25 10:12:58:1258] [INFO]: Kafka initialized successfully
[2026-06-25 10:12:58:1258] [INFO]: Connecting to RabbitMQ...
[2026-06-25 10:12:59:1259] [INFO]: Successfully connected to RabbitMQ at: amqp://localhost:5672
[2026-06-25 10:12:59:1259] [INFO]: RabbitMQ asserted queue: notification-emails
[2026-06-25 10:12:59:1259] [INFO]: RabbitMQ asserted queue: workspace-invite-emails
[2026-06-25 10:12:59:1259] [INFO]: RabbitMQ asserted queue: daily-digest
[2026-06-25 10:12:59:1259] [INFO]: RabbitMQ workers started successfully
[2026-06-25 10:12:59:1259] [INFO]: Server is running on port 5001
[2026-06-25 10:45:26:4526] [INFO]: Kafka consumer event handlers registered for Notification and Inbox Modules
[2026-06-25 10:45:26:4526] [INFO]: Initializing Kafka connection...
[2026-06-25 10:45:26:4526] [INFO]: Successfully connected to Redis at: redis://127.0.0.1:6379
[2026-06-25 10:45:26:4526] [INFO]: Kafka Producer connected successfully
[2026-06-25 10:45:26:4526] [INFO]: Kafka Consumer connected successfully
[2026-06-25 10:45:26:4526] [INFO]: Kafka Consumer subscribed to topic: notification.created
[2026-06-25 10:45:26:4526] [INFO]: Kafka Consumer subscribed to topic: workspace.invited
[2026-06-25 10:45:26:4526] [INFO]: Kafka Consumer subscribed to topic: member.joined
[2026-06-25 10:45:26:4526] [INFO]: Kafka Consumer subscribed to topic: role.changed
[2026-06-25 10:45:26:4526] [INFO]: Kafka Consumer subscribed to topic: inbox.created
[2026-06-25 10:45:46:4546] [INFO]: Kafka initialized successfully
[2026-06-25 10:45:46:4546] [INFO]: Connecting to RabbitMQ...
[2026-06-25 10:45:46:4546] [INFO]: Successfully connected to RabbitMQ at: amqp://localhost:5672
[2026-06-25 10:45:46:4546] [INFO]: RabbitMQ asserted queue: notification-emails
[2026-06-25 10:45:46:4546] [INFO]: RabbitMQ asserted queue: workspace-invite-emails
[2026-06-25 10:45:46:4546] [INFO]: RabbitMQ asserted queue: daily-digest
[2026-06-25 10:45:46:4546] [INFO]: RabbitMQ workers started successfully
[2026-06-25 10:45:46:4546] [INFO]: Server is running on port 5001
[2026-06-25 10:48:09:489] [INFO]: Kafka consumer event handlers registered for Notification and Inbox Modules
[2026-06-25 10:48:09:489] [INFO]: Initializing Kafka connection...
[2026-06-25 10:48:09:489] [INFO]: Successfully connected to Redis at: redis://127.0.0.1:6379
[2026-06-25 10:48:09:489] [INFO]: Kafka Producer connected successfully
[2026-06-25 10:48:10:4810] [INFO]: Kafka Consumer connected successfully
[2026-06-25 10:48:10:4810] [INFO]: Kafka Consumer subscribed to topic: notification.created
[2026-06-25 10:48:10:4810] [INFO]: Kafka Consumer subscribed to topic: workspace.invited
[2026-06-25 10:48:10:4810] [INFO]: Kafka Consumer subscribed to topic: member.joined
[2026-06-25 10:48:10:4810] [INFO]: Kafka Consumer subscribed to topic: role.changed
[2026-06-25 10:48:10:4810] [INFO]: Kafka Consumer subscribed to topic: inbox.created
[2026-06-25 10:50:43:5043] [INFO]: Kafka consumer event handlers registered for Notification and Inbox Modules
[2026-06-25 10:50:43:5043] [INFO]: Initializing Kafka connection...
[2026-06-25 10:50:43:5043] [INFO]: Successfully connected to Redis at: redis://127.0.0.1:6379
[2026-06-25 10:50:43:5043] [INFO]: Kafka Producer connected successfully
[2026-06-25 10:50:43:5043] [INFO]: Kafka Consumer connected successfully
[2026-06-25 10:50:43:5043] [INFO]: Kafka Consumer subscribed to topic: notification.created
[2026-06-25 10:50:43:5043] [INFO]: Kafka Consumer subscribed to topic: workspace.invited
[2026-06-25 10:50:43:5043] [INFO]: Kafka Consumer subscribed to topic: member.joined
[2026-06-25 10:50:43:5043] [INFO]: Kafka Consumer subscribed to topic: role.changed
[2026-06-25 10:50:43:5043] [INFO]: Kafka Consumer subscribed to topic: inbox.created
[2026-06-25 10:50:46:5046] [INFO]: Kafka initialized successfully
[2026-06-25 10:50:46:5046] [INFO]: Connecting to RabbitMQ...
[2026-06-25 10:50:46:5046] [INFO]: Successfully connected to RabbitMQ at: amqp://localhost:5672
[2026-06-25 10:50:46:5046] [INFO]: RabbitMQ asserted queue: notification-emails
[2026-06-25 10:50:46:5046] [INFO]: RabbitMQ asserted queue: workspace-invite-emails
[2026-06-25 10:50:46:5046] [INFO]: RabbitMQ asserted queue: daily-digest
[2026-06-25 10:50:46:5046] [INFO]: RabbitMQ workers started successfully
[2026-06-25 10:50:46:5046] [INFO]: Server is running on port 5001
[2026-06-25 11:01:17:117] [ERROR]: GET /api/v1/workspaces - Status: 401 - Message: Access token is missing. Please log in.
[2026-06-25 11:01:17:117] [ERROR]: Error: Access token is missing. Please log in.
    at authenticate (D:\DevCollab\collabx-backend\src\middlewares\auth.middleware.ts:30:11)
    at Layer.handleRequest (D:\DevCollab\collabx-backend\node_modules\router\lib\layer.js:152:17)
    at trimPrefix (D:\DevCollab\collabx-backend\node_modules\router\index.js:342:13)
    at D:\DevCollab\collabx-backend\node_modules\router\index.js:297:9
    at processParams (D:\DevCollab\collabx-backend\node_modules\router\index.js:582:12)
    at next (D:\DevCollab\collabx-backend\node_modules\router\index.js:291:5)
    at Function.handle (D:\DevCollab\collabx-backend\node_modules\router\index.js:186:3)
    at router (D:\DevCollab\collabx-backend\node_modules\router\index.js:60:12)
    at Layer.handleRequest (D:\DevCollab\collabx-backend\node_modules\router\lib\layer.js:152:17)
    at trimPrefix (D:\DevCollab\collabx-backend\node_modules\router\index.js:342:13)
[2026-06-25 11:01:17:117] [ERROR]: GET /api/v1/workspaces - Status: 401 - Message: Access token is missing. Please log in.
[2026-06-25 11:01:17:117] [ERROR]: Error: Access token is missing. Please log in.
    at authenticate (D:\DevCollab\collabx-backend\src\middlewares\auth.middleware.ts:30:11)
    at Layer.handleRequest (D:\DevCollab\collabx-backend\node_modules\router\lib\layer.js:152:17)
    at trimPrefix (D:\DevCollab\collabx-backend\node_modules\router\index.js:342:13)
    at D:\DevCollab\collabx-backend\node_modules\router\index.js:297:9
    at processParams (D:\DevCollab\collabx-backend\node_modules\router\index.js:582:12)
    at next (D:\DevCollab\collabx-backend\node_modules\router\index.js:291:5)
    at Function.handle (D:\DevCollab\collabx-backend\node_modules\router\index.js:186:3)
    at router (D:\DevCollab\collabx-backend\node_modules\router\index.js:60:12)
    at Layer.handleRequest (D:\DevCollab\collabx-backend\node_modules\router\lib\layer.js:152:17)
    at trimPrefix (D:\DevCollab\collabx-backend\node_modules\router\index.js:342:13)
[2026-06-25 11:01:17:117] [ERROR]: POST /api/v1/auth/refresh - Status: 401 - Message: Refresh token is missing
[2026-06-25 11:01:17:117] [ERROR]: Error: Refresh token is missing
    at Function.refresh (D:\DevCollab\collabx-backend\src\services\auth.service.ts:113:13)
    at refresh (D:\DevCollab\collabx-backend\src\controllers\auth.controller.ts:72:67)
    at D:\DevCollab\collabx-backend\src\utils\asyncHandler.ts:7:21
    at Layer.handleRequest (D:\DevCollab\collabx-backend\node_modules\router\lib\layer.js:152:17)
    at next (D:\DevCollab\collabx-backend\node_modules\router\lib\route.js:157:13)
    at Route.dispatch (D:\DevCollab\collabx-backend\node_modules\router\lib\route.js:117:3)
    at handle (D:\DevCollab\collabx-backend\node_modules\router\index.js:435:11)
    at Layer.handleRequest (D:\DevCollab\collabx-backend\node_modules\router\lib\layer.js:152:17)
    at D:\DevCollab\collabx-backend\node_modules\router\index.js:295:15
    at processParams (D:\DevCollab\collabx-backend\node_modules\router\index.js:582:12)
[2026-06-25 11:02:19:219] [ERROR]: POST /api/v1/workspaces/1/files - Status: 500 - Message: Failed to upload file to Cloudinary.
[2026-06-25 11:02:19:219] [ERROR]: Error: Failed to upload file to Cloudinary.
    at D:\DevCollab\collabx-backend\src\config\cloudinary.ts:65:18
    at D:\DevCollab\collabx-backend\node_modules\cloudinary\lib\utils\index.js:1388:14
    at IncomingMessage.<anonymous> (D:\DevCollab\collabx-backend\node_modules\cloudinary\lib\uploader.js:528:9)
    at IncomingMessage.emit (node:events:536:35)
    at IncomingMessage.emit (node:domain:489:12)
    at endReadableNT (node:internal/streams/readable:1698:12)
    at processTicksAndRejections (node:internal/process/task_queues:82:21)
[2026-06-25 11:02:33:233] [ERROR]: POST /api/v1/workspaces/1/files - Status: 500 - Message: Failed to upload file to Cloudinary.
[2026-06-25 11:02:33:233] [ERROR]: Error: Failed to upload file to Cloudinary.
    at D:\DevCollab\collabx-backend\src\config\cloudinary.ts:65:18
    at D:\DevCollab\collabx-backend\node_modules\cloudinary\lib\utils\index.js:1388:14
    at IncomingMessage.<anonymous> (D:\DevCollab\collabx-backend\node_modules\cloudinary\lib\uploader.js:528:9)
    at IncomingMessage.emit (node:events:536:35)
    at IncomingMessage.emit (node:domain:489:12)
    at endReadableNT (node:internal/streams/readable:1698:12)
    at processTicksAndRejections (node:internal/process/task_queues:82:21)
[2026-06-25 11:05:01:51] [INFO]: Kafka consumer event handlers registered for Notification and Inbox Modules
[2026-06-25 11:05:01:51] [INFO]: Initializing Kafka connection...
[2026-06-25 11:05:01:51] [INFO]: Successfully connected to Redis at: redis://127.0.0.1:6379
[2026-06-25 11:05:01:51] [INFO]: Kafka Producer connected successfully
[2026-06-25 11:05:01:51] [INFO]: Kafka Consumer connected successfully
[2026-06-25 11:05:01:51] [INFO]: Kafka Consumer subscribed to topic: notification.created
[2026-06-25 11:05:01:51] [INFO]: Kafka Consumer subscribed to topic: workspace.invited
[2026-06-25 11:05:01:51] [INFO]: Kafka Consumer subscribed to topic: member.joined
[2026-06-25 11:05:01:51] [INFO]: Kafka Consumer subscribed to topic: role.changed
[2026-06-25 11:05:01:51] [INFO]: Kafka Consumer subscribed to topic: inbox.created
[2026-06-25 11:05:22:522] [INFO]: Kafka initialized successfully
[2026-06-25 11:05:22:522] [INFO]: Connecting to RabbitMQ...
[2026-06-25 11:05:22:522] [INFO]: Successfully connected to RabbitMQ at: amqp://localhost:5672
[2026-06-25 11:05:22:522] [INFO]: RabbitMQ asserted queue: notification-emails
[2026-06-25 11:05:22:522] [INFO]: RabbitMQ asserted queue: workspace-invite-emails
[2026-06-25 11:05:22:522] [INFO]: RabbitMQ asserted queue: daily-digest
[2026-06-25 11:05:22:522] [INFO]: RabbitMQ workers started successfully
[2026-06-25 11:05:22:522] [INFO]: Server is running on port 5001
[2026-06-25 11:14:18:1418] [INFO]: Kafka consumer event handlers registered for Notification and Inbox Modules
[2026-06-25 11:14:18:1418] [INFO]: Initializing Kafka connection...
[2026-06-25 11:14:18:1418] [INFO]: Successfully connected to Redis at: redis://127.0.0.1:6379
[2026-06-25 11:14:18:1418] [INFO]: Kafka Producer connected successfully
[2026-06-25 11:14:18:1418] [INFO]: Kafka Consumer connected successfully
[2026-06-25 11:14:18:1418] [INFO]: Kafka Consumer subscribed to topic: notification.created
[2026-06-25 11:14:18:1418] [INFO]: Kafka Consumer subscribed to topic: workspace.invited
[2026-06-25 11:14:18:1418] [INFO]: Kafka Consumer subscribed to topic: member.joined
[2026-06-25 11:14:18:1418] [INFO]: Kafka Consumer subscribed to topic: role.changed
[2026-06-25 11:14:18:1418] [INFO]: Kafka Consumer subscribed to topic: inbox.created
[2026-06-25 11:14:38:1438] [INFO]: Kafka initialized successfully
[2026-06-25 11:14:38:1438] [INFO]: Connecting to RabbitMQ...
[2026-06-25 11:14:38:1438] [INFO]: Successfully connected to RabbitMQ at: amqp://localhost:5672
[2026-06-25 11:14:38:1438] [INFO]: RabbitMQ asserted queue: notification-emails
[2026-06-25 11:14:38:1438] [INFO]: RabbitMQ asserted queue: workspace-invite-emails
[2026-06-25 11:14:38:1438] [INFO]: RabbitMQ asserted queue: daily-digest
[2026-06-25 11:14:38:1438] [INFO]: RabbitMQ workers started successfully
[2026-06-25 11:14:38:1438] [INFO]: Server is running on port 5001
[2026-06-25 11:15:31:1531] [INFO]: Kafka consumer event handlers registered for Notification and Inbox Modules
[2026-06-25 11:15:31:1531] [INFO]: Initializing Kafka connection...
[2026-06-25 11:15:31:1531] [INFO]: Successfully connected to Redis at: redis://127.0.0.1:6379
[2026-06-25 11:15:31:1531] [INFO]: Kafka Producer connected successfully
[2026-06-25 11:15:31:1531] [INFO]: Kafka Consumer connected successfully
[2026-06-25 11:15:31:1531] [INFO]: Kafka Consumer subscribed to topic: notification.created
[2026-06-25 11:15:31:1531] [INFO]: Kafka Consumer subscribed to topic: workspace.invited
[2026-06-25 11:15:31:1531] [INFO]: Kafka Consumer subscribed to topic: member.joined
[2026-06-25 11:15:31:1531] [INFO]: Kafka Consumer subscribed to topic: role.changed
[2026-06-25 11:15:31:1531] [INFO]: Kafka Consumer subscribed to topic: inbox.created
[2026-06-25 11:15:53:1553] [INFO]: Kafka initialized successfully
[2026-06-25 11:15:53:1553] [INFO]: Connecting to RabbitMQ...
[2026-06-25 11:15:53:1553] [INFO]: Successfully connected to RabbitMQ at: amqp://localhost:5672
[2026-06-25 11:15:53:1553] [INFO]: RabbitMQ asserted queue: notification-emails
[2026-06-25 11:15:53:1553] [INFO]: RabbitMQ asserted queue: workspace-invite-emails
[2026-06-25 11:15:53:1553] [INFO]: RabbitMQ asserted queue: daily-digest
[2026-06-25 11:15:53:1553] [INFO]: RabbitMQ workers started successfully
[2026-06-25 11:15:53:1553] [INFO]: Server is running on port 5001
[2026-06-25 11:20:33:2033] [INFO]: Kafka consumer event handlers registered for Notification and Inbox Modules
[2026-06-25 11:20:33:2033] [INFO]: Initializing Kafka connection...
[2026-06-25 11:20:33:2033] [INFO]: Successfully connected to Redis at: redis://127.0.0.1:6379
[2026-06-25 11:20:33:2033] [INFO]: Kafka Producer connected successfully
[2026-06-25 11:20:33:2033] [INFO]: Kafka Consumer connected successfully
[2026-06-25 11:20:33:2033] [INFO]: Kafka Consumer subscribed to topic: notification.created
[2026-06-25 11:20:33:2033] [INFO]: Kafka Consumer subscribed to topic: workspace.invited
[2026-06-25 11:20:33:2033] [INFO]: Kafka Consumer subscribed to topic: member.joined
[2026-06-25 11:20:33:2033] [INFO]: Kafka Consumer subscribed to topic: role.changed
[2026-06-25 11:20:33:2033] [INFO]: Kafka Consumer subscribed to topic: inbox.created
[2026-06-25 11:20:38:2038] [INFO]: Kafka initialized successfully
[2026-06-25 11:20:38:2038] [INFO]: Connecting to RabbitMQ...
[2026-06-25 11:20:39:2039] [INFO]: Successfully connected to RabbitMQ at: amqp://localhost:5672
[2026-06-25 11:20:39:2039] [INFO]: RabbitMQ asserted queue: notification-emails
[2026-06-25 11:20:39:2039] [INFO]: RabbitMQ asserted queue: workspace-invite-emails
[2026-06-25 11:20:39:2039] [INFO]: RabbitMQ asserted queue: daily-digest
[2026-06-25 11:20:39:2039] [INFO]: RabbitMQ workers started successfully
[2026-06-25 11:28:54:2854] [INFO]: Kafka consumer event handlers registered for Notification and Inbox Modules
[2026-06-25 11:28:54:2854] [INFO]: Initializing Kafka connection...
[2026-06-25 11:28:54:2854] [INFO]: Successfully connected to Redis at: redis://127.0.0.1:6379
[2026-06-25 11:28:54:2854] [INFO]: Kafka Producer connected successfully
[2026-06-25 11:28:54:2854] [INFO]: Kafka Consumer connected successfully
[2026-06-25 11:28:54:2854] [INFO]: Kafka Consumer subscribed to topic: notification.created
[2026-06-25 11:28:54:2854] [INFO]: Kafka Consumer subscribed to topic: workspace.invited
[2026-06-25 11:28:54:2854] [INFO]: Kafka Consumer subscribed to topic: member.joined
[2026-06-25 11:28:55:2855] [INFO]: Kafka Consumer subscribed to topic: role.changed
[2026-06-25 11:28:55:2855] [INFO]: Kafka Consumer subscribed to topic: inbox.created
[2026-06-25 11:29:14:2914] [INFO]: Kafka initialized successfully
[2026-06-25 11:29:14:2914] [INFO]: Connecting to RabbitMQ...
[2026-06-25 11:29:14:2914] [INFO]: Successfully connected to RabbitMQ at: amqp://localhost:5672
[2026-06-25 11:29:14:2914] [INFO]: RabbitMQ asserted queue: notification-emails
[2026-06-25 11:29:14:2914] [INFO]: RabbitMQ asserted queue: workspace-invite-emails
[2026-06-25 11:29:14:2914] [INFO]: RabbitMQ asserted queue: daily-digest
[2026-06-25 11:29:14:2914] [INFO]: RabbitMQ workers started successfully
[2026-06-25 11:29:14:2914] [INFO]: Server is running on port 5001
[2026-06-25 11:30:26:3026] [INFO]: Kafka consumer event handlers registered for Notification and Inbox Modules
[2026-06-25 11:30:26:3026] [INFO]: Initializing Kafka connection...
[2026-06-25 11:30:26:3026] [INFO]: Successfully connected to Redis at: redis://127.0.0.1:6379
[2026-06-25 11:30:26:3026] [INFO]: Kafka Producer connected successfully
[2026-06-25 11:30:26:3026] [INFO]: Kafka Consumer connected successfully
[2026-06-25 11:30:26:3026] [INFO]: Kafka Consumer subscribed to topic: notification.created
[2026-06-25 11:30:26:3026] [INFO]: Kafka Consumer subscribed to topic: workspace.invited
[2026-06-25 11:30:26:3026] [INFO]: Kafka Consumer subscribed to topic: member.joined
[2026-06-25 11:30:26:3026] [INFO]: Kafka Consumer subscribed to topic: role.changed
[2026-06-25 11:30:26:3026] [INFO]: Kafka Consumer subscribed to topic: inbox.created
[2026-06-25 11:30:41:3041] [INFO]: Kafka consumer event handlers registered for Notification and Inbox Modules
[2026-06-25 11:30:41:3041] [INFO]: Initializing Kafka connection...
[2026-06-25 11:30:41:3041] [INFO]: Successfully connected to Redis at: redis://127.0.0.1:6379
[2026-06-25 11:30:41:3041] [INFO]: Kafka Producer connected successfully
[2026-06-25 11:30:41:3041] [INFO]: Kafka Consumer connected successfully
[2026-06-25 11:30:41:3041] [INFO]: Kafka Consumer subscribed to topic: notification.created
[2026-06-25 11:30:41:3041] [INFO]: Kafka Consumer subscribed to topic: workspace.invited
[2026-06-25 11:30:41:3041] [INFO]: Kafka Consumer subscribed to topic: member.joined
[2026-06-25 11:30:41:3041] [INFO]: Kafka Consumer subscribed to topic: role.changed
[2026-06-25 11:30:41:3041] [INFO]: Kafka Consumer subscribed to topic: inbox.created
[2026-06-25 11:31:09:319] [INFO]: Kafka initialized successfully
[2026-06-25 11:31:09:319] [INFO]: Connecting to RabbitMQ...
[2026-06-25 11:31:09:319] [INFO]: Successfully connected to RabbitMQ at: amqp://localhost:5672
[2026-06-25 11:31:09:319] [INFO]: RabbitMQ asserted queue: notification-emails
[2026-06-25 11:31:09:319] [INFO]: RabbitMQ asserted queue: workspace-invite-emails
[2026-06-25 11:31:09:319] [INFO]: RabbitMQ asserted queue: daily-digest
[2026-06-25 11:31:09:319] [INFO]: RabbitMQ workers started successfully
[2026-06-25 11:31:09:319] [INFO]: Server is running on port 5001
